[0.317s] DEBUG:colcon:Command line arguments: ['/usr/bin/colcon', 'build', '--packages-select', 'mbot_setpoint']
[0.317s] DEBUG:colcon:Parsed command line arguments: Namespace(log_base=None, log_level=None, verb_name='build', build_base='build', install_base='install', merge_install=False, symlink_install=False, test_result_base=None, continue_on_error=False, executor='parallel', parallel_workers=4, event_handlers=None, ignore_user_meta=False, metas=['./colcon.meta'], base_paths=['.'], packages_ignore=None, packages_ignore_regex=None, paths=None, packages_up_to=None, packages_up_to_regex=None, packages_above=None, packages_above_and_dependencies=None, packages_above_depth=None, packages_select_by_dep=None, packages_skip_by_dep=None, packages_skip_up_to=None, packages_select_build_failed=False, packages_skip_build_finished=False, packages_select_test_failures=False, packages_skip_test_passed=False, packages_select=['mbot_setpoint'], packages_skip=None, packages_select_regex=None, packages_skip_regex=None, packages_start=None, packages_end=None, allow_overriding=[], cmake_args=None, cmake_target=None, cmake_target_skip_unavailable=False, cmake_clean_cache=False, cmake_clean_first=False, cmake_force_configure=False, meson_args=[], ament_cmake_args=None, catkin_cmake_args=None, catkin_skip_building_tests=False, verb_parser=<colcon_defaults.argument_parser.defaults.DefaultArgumentsDecorator object at 0xffff8075e6f0>, verb_extension=<colcon_core.verb.build.BuildVerb object at 0xffff8075e270>, main=<bound method BuildVerb.main of <colcon_core.verb.build.BuildVerb object at 0xffff8075e270>>)
[0.374s] Level 1:colcon.colcon_core.package_discovery:discover_packages(colcon_meta) check parameters
[0.374s] Level 1:colcon.colcon_core.package_discovery:discover_packages(recursive) check parameters
[0.375s] Level 1:colcon.colcon_core.package_discovery:discover_packages(ignore) check parameters
[0.375s] Level 1:colcon.colcon_core.package_discovery:discover_packages(path) check parameters
[0.375s] Level 1:colcon.colcon_core.package_discovery:discover_packages(colcon_meta) discover
[0.375s] Level 1:colcon.colcon_core.package_discovery:discover_packages(recursive) discover
[0.375s] INFO:colcon.colcon_core.package_discovery:Crawling recursively for packages in '/home/mbot/mbot_ros_labs'
[0.375s] Level 1:colcon.colcon_core.package_identification:_identify(.) by extensions ['ignore', 'ignore_ament_install']
[0.375s] Level 1:colcon.colcon_core.package_identification:_identify(.) by extension 'ignore'
[0.375s] Level 1:colcon.colcon_core.package_identification:_identify(.) by extension 'ignore_ament_install'
[0.375s] Level 1:colcon.colcon_core.package_identification:_identify(.) by extensions ['colcon_pkg']
[0.375s] Level 1:colcon.colcon_core.package_identification:_identify(.) by extension 'colcon_pkg'
[0.375s] Level 1:colcon.colcon_core.package_identification:_identify(.) by extensions ['colcon_meta']
[0.375s] Level 1:colcon.colcon_core.package_identification:_identify(.) by extension 'colcon_meta'
[0.375s] Level 1:colcon.colcon_core.package_identification:_identify(.) by extensions ['ros']
[0.375s] Level 1:colcon.colcon_core.package_identification:_identify(.) by extension 'ros'
[0.445s] Level 1:colcon.colcon_core.package_identification:_identify(.) by extensions ['cmake', 'meson', 'python']
[0.445s] Level 1:colcon.colcon_core.package_identification:_identify(.) by extension 'cmake'
[0.445s] Level 1:colcon.colcon_core.package_identification:_identify(.) by extension 'meson'
[0.445s] Level 1:colcon.colcon_core.package_identification:_identify(.) by extension 'python'
[0.445s] Level 1:colcon.colcon_core.package_identification:_identify(.) by extensions ['python_setup_py']
[0.445s] Level 1:colcon.colcon_core.package_identification:_identify(.) by extension 'python_setup_py'
[0.445s] Level 1:colcon.colcon_core.package_identification:_identify(build) by extensions ['ignore', 'ignore_ament_install']
[0.445s] Level 1:colcon.colcon_core.package_identification:_identify(build) by extension 'ignore'
[0.446s] Level 1:colcon.colcon_core.package_identification:_identify(build) ignored
[0.446s] Level 1:colcon.colcon_core.package_identification:_identify(install) by extensions ['ignore', 'ignore_ament_install']
[0.446s] Level 1:colcon.colcon_core.package_identification:_identify(install) by extension 'ignore'
[0.446s] Level 1:colcon.colcon_core.package_identification:_identify(install) ignored
[0.446s] Level 1:colcon.colcon_core.package_identification:_identify(log) by extensions ['ignore', 'ignore_ament_install']
[0.446s] Level 1:colcon.colcon_core.package_identification:_identify(log) by extension 'ignore'
[0.446s] Level 1:colcon.colcon_core.package_identification:_identify(log) ignored
[0.446s] Level 1:colcon.colcon_core.package_identification:_identify(mbot_labs_ws) by extensions ['ignore', 'ignore_ament_install']
[0.446s] Level 1:colcon.colcon_core.package_identification:_identify(mbot_labs_ws) by extension 'ignore'
[0.447s] Level 1:colcon.colcon_core.package_identification:_identify(mbot_labs_ws) by extension 'ignore_ament_install'
[0.447s] Level 1:colcon.colcon_core.package_identification:_identify(mbot_labs_ws) by extensions ['colcon_pkg']
[0.447s] Level 1:colcon.colcon_core.package_identification:_identify(mbot_labs_ws) by extension 'colcon_pkg'
[0.447s] Level 1:colcon.colcon_core.package_identification:_identify(mbot_labs_ws) by extensions ['colcon_meta']
[0.447s] Level 1:colcon.colcon_core.package_identification:_identify(mbot_labs_ws) by extension 'colcon_meta'
[0.447s] Level 1:colcon.colcon_core.package_identification:_identify(mbot_labs_ws) by extensions ['ros']
[0.447s] Level 1:colcon.colcon_core.package_identification:_identify(mbot_labs_ws) by extension 'ros'
[0.447s] Level 1:colcon.colcon_core.package_identification:_identify(mbot_labs_ws) by extensions ['cmake', 'meson', 'python']
[0.447s] Level 1:colcon.colcon_core.package_identification:_identify(mbot_labs_ws) by extension 'cmake'
[0.447s] Level 1:colcon.colcon_core.package_identification:_identify(mbot_labs_ws) by extension 'meson'
[0.447s] Level 1:colcon.colcon_core.package_identification:_identify(mbot_labs_ws) by extension 'python'
[0.447s] Level 1:colcon.colcon_core.package_identification:_identify(mbot_labs_ws) by extensions ['python_setup_py']
[0.447s] Level 1:colcon.colcon_core.package_identification:_identify(mbot_labs_ws) by extension 'python_setup_py'
[0.447s] Level 1:colcon.colcon_core.package_identification:_identify(mbot_labs_ws/mbot_localization) by extensions ['ignore', 'ignore_ament_install']
[0.448s] Level 1:colcon.colcon_core.package_identification:_identify(mbot_labs_ws/mbot_localization) by extension 'ignore'
[0.448s] Level 1:colcon.colcon_core.package_identification:_identify(mbot_labs_ws/mbot_localization) by extension 'ignore_ament_install'
[0.448s] Level 1:colcon.colcon_core.package_identification:_identify(mbot_labs_ws/mbot_localization) by extensions ['colcon_pkg']
[0.448s] Level 1:colcon.colcon_core.package_identification:_identify(mbot_labs_ws/mbot_localization) by extension 'colcon_pkg'
[0.448s] Level 1:colcon.colcon_core.package_identification:_identify(mbot_labs_ws/mbot_localization) by extensions ['colcon_meta']
[0.448s] Level 1:colcon.colcon_core.package_identification:_identify(mbot_labs_ws/mbot_localization) by extension 'colcon_meta'
[0.448s] Level 1:colcon.colcon_core.package_identification:_identify(mbot_labs_ws/mbot_localization) by extensions ['ros']
[0.448s] Level 1:colcon.colcon_core.package_identification:_identify(mbot_labs_ws/mbot_localization) by extension 'ros'
[0.452s] DEBUG:colcon.colcon_core.package_identification:Package 'mbot_labs_ws/mbot_localization' with type 'ros.ament_cmake' and name 'mbot_localization'
[0.452s] Level 1:colcon.colcon_core.package_identification:_identify(mbot_labs_ws/mbot_mapping) by extensions ['ignore', 'ignore_ament_install']
[0.453s] Level 1:colcon.colcon_core.package_identification:_identify(mbot_labs_ws/mbot_mapping) by extension 'ignore'
[0.453s] Level 1:colcon.colcon_core.package_identification:_identify(mbot_labs_ws/mbot_mapping) by extension 'ignore_ament_install'
[0.453s] Level 1:colcon.colcon_core.package_identification:_identify(mbot_labs_ws/mbot_mapping) by extensions ['colcon_pkg']
[0.453s] Level 1:colcon.colcon_core.package_identification:_identify(mbot_labs_ws/mbot_mapping) by extension 'colcon_pkg'
[0.453s] Level 1:colcon.colcon_core.package_identification:_identify(mbot_labs_ws/mbot_mapping) by extensions ['colcon_meta']
[0.453s] Level 1:colcon.colcon_core.package_identification:_identify(mbot_labs_ws/mbot_mapping) by extension 'colcon_meta'
[0.453s] Level 1:colcon.colcon_core.package_identification:_identify(mbot_labs_ws/mbot_mapping) by extensions ['ros']
[0.453s] Level 1:colcon.colcon_core.package_identification:_identify(mbot_labs_ws/mbot_mapping) by extension 'ros'
[0.454s] DEBUG:colcon.colcon_core.package_identification:Package 'mbot_labs_ws/mbot_mapping' with type 'ros.ament_cmake' and name 'mbot_mapping'
[0.454s] Level 1:colcon.colcon_core.package_identification:_identify(mbot_labs_ws/mbot_nav) by extensions ['ignore', 'ignore_ament_install']
[0.454s] Level 1:colcon.colcon_core.package_identification:_identify(mbot_labs_ws/mbot_nav) by extension 'ignore'
[0.455s] Level 1:colcon.colcon_core.package_identification:_identify(mbot_labs_ws/mbot_nav) by extension 'ignore_ament_install'
[0.455s] Level 1:colcon.colcon_core.package_identification:_identify(mbot_labs_ws/mbot_nav) by extensions ['colcon_pkg']
[0.455s] Level 1:colcon.colcon_core.package_identification:_identify(mbot_labs_ws/mbot_nav) by extension 'colcon_pkg'
[0.455s] Level 1:colcon.colcon_core.package_identification:_identify(mbot_labs_ws/mbot_nav) by extensions ['colcon_meta']
[0.455s] Level 1:colcon.colcon_core.package_identification:_identify(mbot_labs_ws/mbot_nav) by extension 'colcon_meta'
[0.455s] Level 1:colcon.colcon_core.package_identification:_identify(mbot_labs_ws/mbot_nav) by extensions ['ros']
[0.455s] Level 1:colcon.colcon_core.package_identification:_identify(mbot_labs_ws/mbot_nav) by extension 'ros'
[0.456s] DEBUG:colcon.colcon_core.package_identification:Package 'mbot_labs_ws/mbot_nav' with type 'ros.ament_cmake' and name 'mbot_nav'
[0.456s] Level 1:colcon.colcon_core.package_identification:_identify(mbot_labs_ws/mbot_rosbags) by extensions ['ignore', 'ignore_ament_install']
[0.456s] Level 1:colcon.colcon_core.package_identification:_identify(mbot_labs_ws/mbot_rosbags) by extension 'ignore'
[0.456s] Level 1:colcon.colcon_core.package_identification:_identify(mbot_labs_ws/mbot_rosbags) by extension 'ignore_ament_install'
[0.456s] Level 1:colcon.colcon_core.package_identification:_identify(mbot_labs_ws/mbot_rosbags) by extensions ['colcon_pkg']
[0.457s] Level 1:colcon.colcon_core.package_identification:_identify(mbot_labs_ws/mbot_rosbags) by extension 'colcon_pkg'
[0.457s] Level 1:colcon.colcon_core.package_identification:_identify(mbot_labs_ws/mbot_rosbags) by extensions ['colcon_meta']
[0.457s] Level 1:colcon.colcon_core.package_identification:_identify(mbot_labs_ws/mbot_rosbags) by extension 'colcon_meta'
[0.457s] Level 1:colcon.colcon_core.package_identification:_identify(mbot_labs_ws/mbot_rosbags) by extensions ['ros']
[0.457s] Level 1:colcon.colcon_core.package_identification:_identify(mbot_labs_ws/mbot_rosbags) by extension 'ros'
[0.457s] Level 1:colcon.colcon_core.package_identification:_identify(mbot_labs_ws/mbot_rosbags) by extensions ['cmake', 'meson', 'python']
[0.457s] Level 1:colcon.colcon_core.package_identification:_identify(mbot_labs_ws/mbot_rosbags) by extension 'cmake'
[0.457s] Level 1:colcon.colcon_core.package_identification:_identify(mbot_labs_ws/mbot_rosbags) by extension 'meson'
[0.457s] Level 1:colcon.colcon_core.package_identification:_identify(mbot_labs_ws/mbot_rosbags) by extension 'python'
[0.457s] Level 1:colcon.colcon_core.package_identification:_identify(mbot_labs_ws/mbot_rosbags) by extensions ['python_setup_py']
[0.457s] Level 1:colcon.colcon_core.package_identification:_identify(mbot_labs_ws/mbot_rosbags) by extension 'python_setup_py'
[0.457s] Level 1:colcon.colcon_core.package_identification:_identify(mbot_labs_ws/mbot_rosbags/maze1) by extensions ['ignore', 'ignore_ament_install']
[0.457s] Level 1:colcon.colcon_core.package_identification:_identify(mbot_labs_ws/mbot_rosbags/maze1) by extension 'ignore'
[0.458s] Level 1:colcon.colcon_core.package_identification:_identify(mbot_labs_ws/mbot_rosbags/maze1) by extension 'ignore_ament_install'
[0.458s] Level 1:colcon.colcon_core.package_identification:_identify(mbot_labs_ws/mbot_rosbags/maze1) by extensions ['colcon_pkg']
[0.458s] Level 1:colcon.colcon_core.package_identification:_identify(mbot_labs_ws/mbot_rosbags/maze1) by extension 'colcon_pkg'
[0.458s] Level 1:colcon.colcon_core.package_identification:_identify(mbot_labs_ws/mbot_rosbags/maze1) by extensions ['colcon_meta']
[0.458s] Level 1:colcon.colcon_core.package_identification:_identify(mbot_labs_ws/mbot_rosbags/maze1) by extension 'colcon_meta'
[0.458s] Level 1:colcon.colcon_core.package_identification:_identify(mbot_labs_ws/mbot_rosbags/maze1) by extensions ['ros']
[0.458s] Level 1:colcon.colcon_core.package_identification:_identify(mbot_labs_ws/mbot_rosbags/maze1) by extension 'ros'
[0.458s] Level 1:colcon.colcon_core.package_identification:_identify(mbot_labs_ws/mbot_rosbags/maze1) by extensions ['cmake', 'meson', 'python']
[0.458s] Level 1:colcon.colcon_core.package_identification:_identify(mbot_labs_ws/mbot_rosbags/maze1) by extension 'cmake'
[0.458s] Level 1:colcon.colcon_core.package_identification:_identify(mbot_labs_ws/mbot_rosbags/maze1) by extension 'meson'
[0.458s] Level 1:colcon.colcon_core.package_identification:_identify(mbot_labs_ws/mbot_rosbags/maze1) by extension 'python'
[0.458s] Level 1:colcon.colcon_core.package_identification:_identify(mbot_labs_ws/mbot_rosbags/maze1) by extensions ['python_setup_py']
[0.458s] Level 1:colcon.colcon_core.package_identification:_identify(mbot_labs_ws/mbot_rosbags/maze1) by extension 'python_setup_py'
[0.458s] Level 1:colcon.colcon_core.package_identification:_identify(mbot_labs_ws/mbot_rosbags/slam_test) by extensions ['ignore', 'ignore_ament_install']
[0.458s] Level 1:colcon.colcon_core.package_identification:_identify(mbot_labs_ws/mbot_rosbags/slam_test) by extension 'ignore'
[0.458s] Level 1:colcon.colcon_core.package_identification:_identify(mbot_labs_ws/mbot_rosbags/slam_test) by extension 'ignore_ament_install'
[0.459s] Level 1:colcon.colcon_core.package_identification:_identify(mbot_labs_ws/mbot_rosbags/slam_test) by extensions ['colcon_pkg']
[0.459s] Level 1:colcon.colcon_core.package_identification:_identify(mbot_labs_ws/mbot_rosbags/slam_test) by extension 'colcon_pkg'
[0.459s] Level 1:colcon.colcon_core.package_identification:_identify(mbot_labs_ws/mbot_rosbags/slam_test) by extensions ['colcon_meta']
[0.459s] Level 1:colcon.colcon_core.package_identification:_identify(mbot_labs_ws/mbot_rosbags/slam_test) by extension 'colcon_meta'
[0.459s] Level 1:colcon.colcon_core.package_identification:_identify(mbot_labs_ws/mbot_rosbags/slam_test) by extensions ['ros']
[0.459s] Level 1:colcon.colcon_core.package_identification:_identify(mbot_labs_ws/mbot_rosbags/slam_test) by extension 'ros'
[0.459s] Level 1:colcon.colcon_core.package_identification:_identify(mbot_labs_ws/mbot_rosbags/slam_test) by extensions ['cmake', 'meson', 'python']
[0.459s] Level 1:colcon.colcon_core.package_identification:_identify(mbot_labs_ws/mbot_rosbags/slam_test) by extension 'cmake'
[0.459s] Level 1:colcon.colcon_core.package_identification:_identify(mbot_labs_ws/mbot_rosbags/slam_test) by extension 'meson'
[0.459s] Level 1:colcon.colcon_core.package_identification:_identify(mbot_labs_ws/mbot_rosbags/slam_test) by extension 'python'
[0.459s] Level 1:colcon.colcon_core.package_identification:_identify(mbot_labs_ws/mbot_rosbags/slam_test) by extensions ['python_setup_py']
[0.459s] Level 1:colcon.colcon_core.package_identification:_identify(mbot_labs_ws/mbot_rosbags/slam_test) by extension 'python_setup_py'
[0.459s] Level 1:colcon.colcon_core.package_identification:_identify(mbot_labs_ws/mbot_setpoint) by extensions ['ignore', 'ignore_ament_install']
[0.459s] Level 1:colcon.colcon_core.package_identification:_identify(mbot_labs_ws/mbot_setpoint) by extension 'ignore'
[0.459s] Level 1:colcon.colcon_core.package_identification:_identify(mbot_labs_ws/mbot_setpoint) by extension 'ignore_ament_install'
[0.459s] Level 1:colcon.colcon_core.package_identification:_identify(mbot_labs_ws/mbot_setpoint) by extensions ['colcon_pkg']
[0.460s] Level 1:colcon.colcon_core.package_identification:_identify(mbot_labs_ws/mbot_setpoint) by extension 'colcon_pkg'
[0.460s] Level 1:colcon.colcon_core.package_identification:_identify(mbot_labs_ws/mbot_setpoint) by extensions ['colcon_meta']
[0.460s] Level 1:colcon.colcon_core.package_identification:_identify(mbot_labs_ws/mbot_setpoint) by extension 'colcon_meta'
[0.460s] Level 1:colcon.colcon_core.package_identification:_identify(mbot_labs_ws/mbot_setpoint) by extensions ['ros']
[0.460s] Level 1:colcon.colcon_core.package_identification:_identify(mbot_labs_ws/mbot_setpoint) by extension 'ros'
[0.462s] DEBUG:colcon.colcon_core.package_identification:Package 'mbot_labs_ws/mbot_setpoint' with type 'ros.ament_cmake' and name 'mbot_setpoint'
[0.462s] Level 1:colcon.colcon_core.package_identification:_identify(mbot_labs_ws/mbot_slam) by extensions ['ignore', 'ignore_ament_install']
[0.462s] Level 1:colcon.colcon_core.package_identification:_identify(mbot_labs_ws/mbot_slam) by extension 'ignore'
[0.462s] Level 1:colcon.colcon_core.package_identification:_identify(mbot_labs_ws/mbot_slam) by extension 'ignore_ament_install'
[0.462s] Level 1:colcon.colcon_core.package_identification:_identify(mbot_labs_ws/mbot_slam) by extensions ['colcon_pkg']
[0.462s] Level 1:colcon.colcon_core.package_identification:_identify(mbot_labs_ws/mbot_slam) by extension 'colcon_pkg'
[0.462s] Level 1:colcon.colcon_core.package_identification:_identify(mbot_labs_ws/mbot_slam) by extensions ['colcon_meta']
[0.462s] Level 1:colcon.colcon_core.package_identification:_identify(mbot_labs_ws/mbot_slam) by extension 'colcon_meta'
[0.462s] Level 1:colcon.colcon_core.package_identification:_identify(mbot_labs_ws/mbot_slam) by extensions ['ros']
[0.462s] Level 1:colcon.colcon_core.package_identification:_identify(mbot_labs_ws/mbot_slam) by extension 'ros'
[0.464s] DEBUG:colcon.colcon_core.package_identification:Package 'mbot_labs_ws/mbot_slam' with type 'ros.ament_cmake' and name 'mbot_slam'
[0.464s] Level 1:colcon.colcon_core.package_discovery:discover_packages(recursive) using defaults
[0.464s] Level 1:colcon.colcon_core.package_discovery:discover_packages(ignore) discover
[0.464s] Level 1:colcon.colcon_core.package_discovery:discover_packages(ignore) using defaults
[0.464s] Level 1:colcon.colcon_core.package_discovery:discover_packages(path) discover
[0.464s] Level 1:colcon.colcon_core.package_discovery:discover_packages(path) using defaults
[0.485s] INFO:colcon.colcon_core.package_selection:Skipping not selected package 'mbot_localization' in 'mbot_labs_ws/mbot_localization'
[0.485s] INFO:colcon.colcon_core.package_selection:Skipping not selected package 'mbot_mapping' in 'mbot_labs_ws/mbot_mapping'
[0.485s] INFO:colcon.colcon_core.package_selection:Skipping not selected package 'mbot_nav' in 'mbot_labs_ws/mbot_nav'
[0.485s] INFO:colcon.colcon_core.package_selection:Skipping not selected package 'mbot_slam' in 'mbot_labs_ws/mbot_slam'
[0.486s] Level 1:colcon.colcon_core.package_discovery:discover_packages(prefix_path) check parameters
[0.486s] Level 1:colcon.colcon_core.package_discovery:discover_packages(prefix_path) discover
[0.489s] DEBUG:colcon.colcon_installed_package_information.package_discovery:Found 5 installed packages in /home/mbot/mbot_ws/install
[0.489s] DEBUG:colcon.colcon_installed_package_information.package_discovery:Found 3 installed packages in /home/mbot/microros_ws/install
[0.492s] DEBUG:colcon.colcon_installed_package_information.package_discovery:Found 367 installed packages in /opt/ros/jazzy
[0.493s] Level 1:colcon.colcon_core.package_discovery:discover_packages(prefix_path) using defaults
[0.578s] Level 5:colcon.colcon_core.verb:set package 'mbot_setpoint' build argument 'cmake_args' from command line to 'None'
[0.578s] Level 5:colcon.colcon_core.verb:set package 'mbot_setpoint' build argument 'cmake_target' from command line to 'None'
[0.578s] Level 5:colcon.colcon_core.verb:set package 'mbot_setpoint' build argument 'cmake_target_skip_unavailable' from command line to 'False'
[0.579s] Level 5:colcon.colcon_core.verb:set package 'mbot_setpoint' build argument 'cmake_clean_cache' from command line to 'False'
[0.579s] Level 5:colcon.colcon_core.verb:set package 'mbot_setpoint' build argument 'cmake_clean_first' from command line to 'False'
[0.579s] Level 5:colcon.colcon_core.verb:set package 'mbot_setpoint' build argument 'cmake_force_configure' from command line to 'False'
[0.579s] Level 5:colcon.colcon_core.verb:set package 'mbot_setpoint' build argument 'meson_args' from command line to '[]'
[0.579s] Level 5:colcon.colcon_core.verb:set package 'mbot_setpoint' build argument 'ament_cmake_args' from command line to 'None'
[0.579s] Level 5:colcon.colcon_core.verb:set package 'mbot_setpoint' build argument 'catkin_cmake_args' from command line to 'None'
[0.579s] Level 5:colcon.colcon_core.verb:set package 'mbot_setpoint' build argument 'catkin_skip_building_tests' from command line to 'False'
[0.579s] DEBUG:colcon.colcon_core.verb:Building package 'mbot_setpoint' with the following arguments: {'ament_cmake_args': None, 'build_base': '/home/mbot/mbot_ros_labs/build/mbot_setpoint', 'catkin_cmake_args': None, 'catkin_skip_building_tests': False, 'cmake_args': None, 'cmake_clean_cache': False, 'cmake_clean_first': False, 'cmake_force_configure': False, 'cmake_target': None, 'cmake_target_skip_unavailable': False, 'install_base': '/home/mbot/mbot_ros_labs/install/mbot_setpoint', 'merge_install': False, 'meson_args': [], 'path': '/home/mbot/mbot_ros_labs/mbot_labs_ws/mbot_setpoint', 'symlink_install': False, 'test_result_base': None}
[0.579s] INFO:colcon.colcon_core.executor:Executing jobs using 'parallel' executor
[0.580s] DEBUG:colcon.colcon_parallel_executor.executor.parallel:run_until_complete
[0.581s] INFO:colcon.colcon_ros.task.ament_cmake.build:Building ROS package in '/home/mbot/mbot_ros_labs/mbot_labs_ws/mbot_setpoint' with build type 'ament_cmake'
[0.581s] INFO:colcon.colcon_cmake.task.cmake.build:Building CMake package in '/home/mbot/mbot_ros_labs/mbot_labs_ws/mbot_setpoint'
[0.584s] INFO:colcon.colcon_core.plugin_system:Skipping extension 'colcon_core.shell.bat': Not used on non-Windows systems
[0.584s] INFO:colcon.colcon_core.shell:Skip shell extension 'powershell' for command environment: Not usable outside of PowerShell
[0.584s] DEBUG:colcon.colcon_core.shell:Skip shell extension 'dsv' for command environment
[0.599s] DEBUG:colcon.colcon_core.event_handler.log_command:Invoking command in '/home/mbot/mbot_ros_labs/build/mbot_setpoint': CMAKE_PREFIX_PATH=${CMAKE_PREFIX_PATH}:/home/mbot/mbot_ws/install/mbot_vision:/home/mbot/mbot_ws/install/mbot_bringup:/opt/ros/jazzy DEBUGINFOD_URLS=https://debuginfod.ubuntu.com /usr/bin/cmake --build /home/mbot/mbot_ros_labs/build/mbot_setpoint -- -j4 -l4
[8.309s] DEBUG:colcon.colcon_core.event_handler.log_command:Invoked command in '/home/mbot/mbot_ros_labs/build/mbot_setpoint' returned '0': CMAKE_PREFIX_PATH=${CMAKE_PREFIX_PATH}:/home/mbot/mbot_ws/install/mbot_vision:/home/mbot/mbot_ws/install/mbot_bringup:/opt/ros/jazzy DEBUGINFOD_URLS=https://debuginfod.ubuntu.com /usr/bin/cmake --build /home/mbot/mbot_ros_labs/build/mbot_setpoint -- -j4 -l4
[8.330s] DEBUG:colcon.colcon_core.event_handler.log_command:Invoking command in '/home/mbot/mbot_ros_labs/build/mbot_setpoint': CMAKE_PREFIX_PATH=${CMAKE_PREFIX_PATH}:/home/mbot/mbot_ws/install/mbot_vision:/home/mbot/mbot_ws/install/mbot_bringup:/opt/ros/jazzy DEBUGINFOD_URLS=https://debuginfod.ubuntu.com /usr/bin/cmake --install /home/mbot/mbot_ros_labs/build/mbot_setpoint
[8.383s] Level 1:colcon.colcon_core.environment:create_environment_scripts_only(mbot_setpoint)
[8.384s] DEBUG:colcon.colcon_core.event_handler.log_command:Invoked command in '/home/mbot/mbot_ros_labs/build/mbot_setpoint' returned '0': CMAKE_PREFIX_PATH=${CMAKE_PREFIX_PATH}:/home/mbot/mbot_ws/install/mbot_vision:/home/mbot/mbot_ws/install/mbot_bringup:/opt/ros/jazzy DEBUGINFOD_URLS=https://debuginfod.ubuntu.com /usr/bin/cmake --install /home/mbot/mbot_ros_labs/build/mbot_setpoint
[8.386s] Level 1:colcon.colcon_core.environment:checking '/home/mbot/mbot_ros_labs/install/mbot_setpoint' for CMake module files
[8.387s] Level 1:colcon.colcon_core.environment:checking '/home/mbot/mbot_ros_labs/install/mbot_setpoint' for CMake config files
[8.387s] Level 1:colcon.colcon_core.shell:create_environment_hook('mbot_setpoint', 'cmake_prefix_path')
[8.388s] INFO:colcon.colcon_core.shell:Creating environment hook '/home/mbot/mbot_ros_labs/install/mbot_setpoint/share/mbot_setpoint/hook/cmake_prefix_path.ps1'
[8.389s] INFO:colcon.colcon_core.shell:Creating environment descriptor '/home/mbot/mbot_ros_labs/install/mbot_setpoint/share/mbot_setpoint/hook/cmake_prefix_path.dsv'
[8.390s] INFO:colcon.colcon_core.shell:Creating environment hook '/home/mbot/mbot_ros_labs/install/mbot_setpoint/share/mbot_setpoint/hook/cmake_prefix_path.sh'
[8.392s] Level 1:colcon.colcon_core.environment:checking '/home/mbot/mbot_ros_labs/install/mbot_setpoint/lib'
[8.392s] Level 1:colcon.colcon_core.environment:checking '/home/mbot/mbot_ros_labs/install/mbot_setpoint/bin'
[8.392s] Level 1:colcon.colcon_core.environment:checking '/home/mbot/mbot_ros_labs/install/mbot_setpoint/lib/pkgconfig/mbot_setpoint.pc'
[8.392s] Level 1:colcon.colcon_core.environment:checking '/home/mbot/mbot_ros_labs/install/mbot_setpoint/lib/python3.12/site-packages'
[8.393s] Level 1:colcon.colcon_core.environment:checking '/home/mbot/mbot_ros_labs/install/mbot_setpoint/bin'
[8.393s] INFO:colcon.colcon_core.shell:Creating package script '/home/mbot/mbot_ros_labs/install/mbot_setpoint/share/mbot_setpoint/package.ps1'
[8.394s] INFO:colcon.colcon_core.shell:Creating package descriptor '/home/mbot/mbot_ros_labs/install/mbot_setpoint/share/mbot_setpoint/package.dsv'
[8.395s] INFO:colcon.colcon_core.shell:Creating package script '/home/mbot/mbot_ros_labs/install/mbot_setpoint/share/mbot_setpoint/package.sh'
[8.396s] INFO:colcon.colcon_core.shell:Creating package script '/home/mbot/mbot_ros_labs/install/mbot_setpoint/share/mbot_setpoint/package.bash'
[8.397s] INFO:colcon.colcon_core.shell:Creating package script '/home/mbot/mbot_ros_labs/install/mbot_setpoint/share/mbot_setpoint/package.zsh'
[8.397s] Level 1:colcon.colcon_core.environment:create_file_with_runtime_dependencies(/home/mbot/mbot_ros_labs/install/mbot_setpoint/share/colcon-core/packages/mbot_setpoint)
[8.399s] Level 1:colcon.colcon_core.environment:create_environment_scripts_only(mbot_setpoint)
[8.399s] Level 1:colcon.colcon_core.environment:checking '/home/mbot/mbot_ros_labs/install/mbot_setpoint' for CMake module files
[8.400s] Level 1:colcon.colcon_core.environment:checking '/home/mbot/mbot_ros_labs/install/mbot_setpoint' for CMake config files
[8.400s] Level 1:colcon.colcon_core.shell:create_environment_hook('mbot_setpoint', 'cmake_prefix_path')
[8.400s] INFO:colcon.colcon_core.shell:Creating environment hook '/home/mbot/mbot_ros_labs/install/mbot_setpoint/share/mbot_setpoint/hook/cmake_prefix_path.ps1'
[8.401s] INFO:colcon.colcon_core.shell:Creating environment descriptor '/home/mbot/mbot_ros_labs/install/mbot_setpoint/share/mbot_setpoint/hook/cmake_prefix_path.dsv'
[8.402s] INFO:colcon.colcon_core.shell:Creating environment hook '/home/mbot/mbot_ros_labs/install/mbot_setpoint/share/mbot_setpoint/hook/cmake_prefix_path.sh'
[8.403s] Level 1:colcon.colcon_core.environment:checking '/home/mbot/mbot_ros_labs/install/mbot_setpoint/lib'
[8.403s] Level 1:colcon.colcon_core.environment:checking '/home/mbot/mbot_ros_labs/install/mbot_setpoint/bin'
[8.403s] Level 1:colcon.colcon_core.environment:checking '/home/mbot/mbot_ros_labs/install/mbot_setpoint/lib/pkgconfig/mbot_setpoint.pc'
[8.404s] Level 1:colcon.colcon_core.environment:checking '/home/mbot/mbot_ros_labs/install/mbot_setpoint/lib/python3.12/site-packages'
[8.404s] Level 1:colcon.colcon_core.environment:checking '/home/mbot/mbot_ros_labs/install/mbot_setpoint/bin'
[8.404s] INFO:colcon.colcon_core.shell:Creating package script '/home/mbot/mbot_ros_labs/install/mbot_setpoint/share/mbot_setpoint/package.ps1'
[8.405s] INFO:colcon.colcon_core.shell:Creating package descriptor '/home/mbot/mbot_ros_labs/install/mbot_setpoint/share/mbot_setpoint/package.dsv'
[8.406s] INFO:colcon.colcon_core.shell:Creating package script '/home/mbot/mbot_ros_labs/install/mbot_setpoint/share/mbot_setpoint/package.sh'
[8.407s] INFO:colcon.colcon_core.shell:Creating package script '/home/mbot/mbot_ros_labs/install/mbot_setpoint/share/mbot_setpoint/package.bash'
[8.409s] INFO:colcon.colcon_core.shell:Creating package script '/home/mbot/mbot_ros_labs/install/mbot_setpoint/share/mbot_setpoint/package.zsh'
[8.410s] Level 1:colcon.colcon_core.environment:create_file_with_runtime_dependencies(/home/mbot/mbot_ros_labs/install/mbot_setpoint/share/colcon-core/packages/mbot_setpoint)
[8.411s] DEBUG:colcon.colcon_parallel_executor.executor.parallel:closing loop
[8.412s] DEBUG:colcon.colcon_parallel_executor.executor.parallel:loop closed
[8.412s] DEBUG:colcon.colcon_parallel_executor.executor.parallel:run_until_complete finished with '0'
[8.412s] DEBUG:colcon.colcon_core.event_reactor:joining thread
[8.421s] INFO:colcon.colcon_core.plugin_system:Skipping extension 'colcon_notification.desktop_notification.terminal_notifier': Not used on non-Darwin systems
[8.421s] INFO:colcon.colcon_core.plugin_system:Skipping extension 'colcon_notification.desktop_notification.win32': Not used on non-Windows systems
[8.422s] INFO:colcon.colcon_notification.desktop_notification:Sending desktop notification using 'notify2'
[8.423s] DEBUG:colcon.colcon_notification.desktop_notification.notify2:Failed to initialize notify2: org.freedesktop.DBus.Error.ServiceUnknown: The name org.freedesktop.Notifications was not provided by any .service files
[8.423s] DEBUG:colcon.colcon_core.event_reactor:joined thread
[8.424s] INFO:colcon.colcon_core.shell:Creating prefix script '/home/mbot/mbot_ros_labs/install/local_setup.ps1'
[8.425s] INFO:colcon.colcon_core.shell:Creating prefix util module '/home/mbot/mbot_ros_labs/install/_local_setup_util_ps1.py'
[8.427s] INFO:colcon.colcon_core.shell:Creating prefix chain script '/home/mbot/mbot_ros_labs/install/setup.ps1'
[8.429s] INFO:colcon.colcon_core.shell:Creating prefix script '/home/mbot/mbot_ros_labs/install/local_setup.sh'
[8.430s] INFO:colcon.colcon_core.shell:Creating prefix util module '/home/mbot/mbot_ros_labs/install/_local_setup_util_sh.py'
[8.434s] INFO:colcon.colcon_core.shell:Creating prefix chain script '/home/mbot/mbot_ros_labs/install/setup.sh'
[8.437s] INFO:colcon.colcon_core.shell:Creating prefix script '/home/mbot/mbot_ros_labs/install/local_setup.bash'
[8.437s] INFO:colcon.colcon_core.shell:Creating prefix chain script '/home/mbot/mbot_ros_labs/install/setup.bash'
[8.439s] INFO:colcon.colcon_core.shell:Creating prefix script '/home/mbot/mbot_ros_labs/install/local_setup.zsh'
[8.440s] INFO:colcon.colcon_core.shell:Creating prefix chain script '/home/mbot/mbot_ros_labs/install/setup.zsh'
