[0.018s] Invoking command in '/home/mbot/mbot_ros_labs/build/mbot_mapping': CMAKE_PREFIX_PATH=${CMAKE_PREFIX_PATH}:/home/mbot/mbot_ws/install/mbot_vision:/home/mbot/mbot_ws/install/mbot_bringup:/opt/ros/jazzy DEBUGINFOD_URLS=https://debuginfod.ubuntu.com /usr/bin/cmake --build /home/mbot/mbot_ros_labs/build/mbot_mapping -- -j4 -l4
[0.141s] [ 40%] Built target moving_laser_scan
[0.202s] [ 60%] [32mBuilding CXX object CMakeFiles/mapping_node.dir/src/mapping_node.cpp.o[0m
[3.951s] [01m[K/home/mbot/mbot_ros_labs/mbot_labs_ws/mbot_mapping/src/mapping_node.cpp:[m[K In member function ‘[01m[Kvoid MappingNode::[01;32m[KupdateGrid[m[K(const MovingLaserScan&)[m[K’:
[3.951s] [01m[K/home/mbot/mbot_ros_labs/mbot_labs_ws/mbot_mapping/src/mapping_node.cpp:140:53:[m[K [01;31m[Kerror: [m[K‘[01m[K__gnu_cxx::__alloc_traits<std::allocator<std::pair<int, int> >, std::pair<int, int> >::value_type[m[K’ {aka ‘[01m[Kstruct std::pair<int, int>[m[K’} has no member named ‘[01m[Kx[m[K’
[3.952s]   140 |                  grid_.markCellFree(ray_cells[i].[01;31m[Kx[m[K, ray_cells[i].y);
[3.952s]       |                                                  [01;31m[K^[m[K
[3.952s] 
[3.952s] [01m[K/home/mbot/mbot_ros_labs/mbot_labs_ws/mbot_mapping/src/mapping_node.cpp:140:69:[m[K [01;31m[Kerror: [m[K‘[01m[K__gnu_cxx::__alloc_traits<std::allocator<std::pair<int, int> >, std::pair<int, int> >::value_type[m[K’ {aka ‘[01m[Kstruct std::pair<int, int>[m[K’} has no member named ‘[01m[Ky[m[K’
[3.952s]   140 |          grid_.markCellFree(ray_cells[i].x, ray_cells[i].[01;31m[Ky[m[K);
[3.952s]       |                                                          [01;31m[K^[m[K
[3.952s] 
[3.952s] [01m[K/home/mbot/mbot_ros_labs/mbot_labs_ws/mbot_mapping/src/mapping_node.cpp:149:38:[m[K [01;31m[Kerror: [m[K‘[01m[Kconst class MovingLaserScan[m[K’ has no member named ‘[01m[KgetMaxRange[m[K’
[3.952s]   149 |                 if (ray.range < scan.[01;31m[KgetMaxRange[m[K())
[3.952s]       |                                      [01;31m[K^~~~~~~~~~~[m[K
[3.952s] [01m[K/home/mbot/mbot_ros_labs/mbot_labs_ws/mbot_mapping/src/mapping_node.cpp:150:57:[m[K [01;31m[Kerror: [m[K‘[01m[K__gnu_cxx::__alloc_traits<std::allocator<std::pair<int, int> >, std::pair<int, int> >::value_type[m[K’ {aka ‘[01m[Kstruct std::pair<int, int>[m[K’} has no member named ‘[01m[Kx[m[K’
[3.952s]   150 |          grid_.markCellOccupied(ray_cells.back().[01;31m[Kx[m[K, ray_cells.back().y);
[3.953s]       |                                                  [01;31m[K^[m[K
[3.953s] 
[3.953s] [01m[K/home/mbot/mbot_ros_labs/mbot_labs_ws/mbot_mapping/src/mapping_node.cpp:150:77:[m[K [01;31m[Kerror: [m[K‘[01m[K__gnu_cxx::__alloc_traits<std::allocator<std::pair<int, int> >, std::pair<int, int> >::value_type[m[K’ {aka ‘[01m[Kstruct std::pair<int, int>[m[K’} has no member named ‘[01m[Ky[m[K’
[3.953s]   150 | d_.markCellOccupied(ray_cells.back().x, ray_cells.back().[01;31m[Ky[m[K);
[3.953s]       |                                                          [01;31m[K^[m[K
[3.953s] 
[7.753s] gmake[2]: *** [CMakeFiles/mapping_node.dir/build.make:90: CMakeFiles/mapping_node.dir/src/mapping_node.cpp.o] Error 1
[7.753s] gmake[1]: *** [CMakeFiles/Makefile2:165: CMakeFiles/mapping_node.dir/all] Error 2
[7.754s] gmake: *** [Makefile:146: all] Error 2
[7.757s] Invoked command in '/home/mbot/mbot_ros_labs/build/mbot_mapping' returned '2': CMAKE_PREFIX_PATH=${CMAKE_PREFIX_PATH}:/home/mbot/mbot_ws/install/mbot_vision:/home/mbot/mbot_ws/install/mbot_bringup:/opt/ros/jazzy DEBUGINFOD_URLS=https://debuginfod.ubuntu.com /usr/bin/cmake --build /home/mbot/mbot_ros_labs/build/mbot_mapping -- -j4 -l4
