[0.017s] Invoking command in '/home/mbot/mbot_ros_labs/build/mbot_mapping': CMAKE_PREFIX_PATH=${CMAKE_PREFIX_PATH}:/home/mbot/mbot_ws/install/mbot_vision:/home/mbot/mbot_ws/install/mbot_bringup:/opt/ros/jazzy DEBUGINFOD_URLS=https://debuginfod.ubuntu.com /usr/bin/cmake --build /home/mbot/mbot_ros_labs/build/mbot_mapping -- -j4 -l4
[0.135s] [ 40%] Built target moving_laser_scan
[0.201s] [ 60%] [32mBuilding CXX object CMakeFiles/mapping_node.dir/src/mapping_node.cpp.o[0m
[3.934s] [01m[K/home/mbot/mbot_ros_labs/mbot_labs_ws/mbot_mapping/src/mapping_node.cpp:[m[K In member function ‘[01m[Kvoid MappingNode::[01;32m[KupdateGrid[m[K(const MovingLaserScan&)[m[K’:
[3.934s] [01m[K/home/mbot/mbot_ros_labs/mbot_labs_ws/mbot_mapping/src/mapping_node.cpp:140:53:[m[K [01;31m[Kerror: [m[K‘[01m[K__gnu_cxx::__alloc_traits<std::allocator<std::pair<int, int> >, std::pair<int, int> >::value_type[m[K’ {aka ‘[01m[Kstruct std::pair<int, int>[m[K’} has no member named ‘[01m[Kx[m[K’
[3.935s]   140 |                  grid_.markCellFree(ray_cells[i].[01;31m[Kx[m[K, ray_cells[i].y);
[3.935s]       |                                                  [01;31m[K^[m[K
[3.935s] 
[3.935s] [01m[K/home/mbot/mbot_ros_labs/mbot_labs_ws/mbot_mapping/src/mapping_node.cpp:140:69:[m[K [01;31m[Kerror: [m[K‘[01m[K__gnu_cxx::__alloc_traits<std::allocator<std::pair<int, int> >, std::pair<int, int> >::value_type[m[K’ {aka ‘[01m[Kstruct std::pair<int, int>[m[K’} has no member named ‘[01m[Ky[m[K’
[3.935s]   140 |          grid_.markCellFree(ray_cells[i].x, ray_cells[i].[01;31m[Ky[m[K);
[3.935s]       |                                                          [01;31m[K^[m[K
[3.935s] 
[3.946s] [01m[K/home/mbot/mbot_ros_labs/mbot_labs_ws/mbot_mapping/src/mapping_node.cpp:146:33:[m[K [01;31m[Kerror: [m[K‘[01m[Kscan_msg_[m[K’ was not declared in this scope; did you mean ‘[01m[Kscan_sub_[m[K’?
[3.946s]   146 |                 if (ray.range < [01;31m[Kscan_msg_[m[K->range_max) {
[3.946s]       |                                 [01;31m[K^~~~~~~~~[m[K
[3.946s]       |                                 [32m[Kscan_sub_[m[K
[7.711s] gmake[2]: *** [CMakeFiles/mapping_node.dir/build.make:90: CMakeFiles/mapping_node.dir/src/mapping_node.cpp.o] Error 1
[7.712s] gmake[1]: *** [CMakeFiles/Makefile2:165: CMakeFiles/mapping_node.dir/all] Error 2
[7.712s] gmake: *** [Makefile:146: all] Error 2
[7.716s] Invoked command in '/home/mbot/mbot_ros_labs/build/mbot_mapping' returned '2': CMAKE_PREFIX_PATH=${CMAKE_PREFIX_PATH}:/home/mbot/mbot_ws/install/mbot_vision:/home/mbot/mbot_ws/install/mbot_bringup:/opt/ros/jazzy DEBUGINFOD_URLS=https://debuginfod.ubuntu.com /usr/bin/cmake --build /home/mbot/mbot_ros_labs/build/mbot_mapping -- -j4 -l4
