[0.325s] DEBUG:colcon:Command line arguments: ['/usr/bin/colcon', 'build', '--packages-select', 'mbot_mapping']
[0.325s] DEBUG:colcon:Parsed command line arguments: Namespace(log_base=None, log_level=None, verb_name='build', build_base='build', install_base='install', merge_install=False, symlink_install=False, test_result_base=None, continue_on_error=False, executor='parallel', parallel_workers=4, event_handlers=None, ignore_user_meta=False, metas=['./colcon.meta'], base_paths=['.'], packages_ignore=None, packages_ignore_regex=None, paths=None, packages_up_to=None, packages_up_to_regex=None, packages_above=None, packages_above_and_dependencies=None, packages_above_depth=None, packages_select_by_dep=None, packages_skip_by_dep=None, packages_skip_up_to=None, packages_select_build_failed=False, packages_skip_build_finished=False, packages_select_test_failures=False, packages_skip_test_passed=False, packages_select=['mbot_mapping'], packages_skip=None, packages_select_regex=None, packages_skip_regex=None, packages_start=None, packages_end=None, allow_overriding=[], cmake_args=None, cmake_target=None, cmake_target_skip_unavailable=False, cmake_clean_cache=False, cmake_clean_first=False, cmake_force_configure=False, meson_args=[], ament_cmake_args=None, catkin_cmake_args=None, catkin_skip_building_tests=False, verb_parser=<colcon_defaults.argument_parser.defaults.DefaultArgumentsDecorator object at 0xffff8da12570>, verb_extension=<colcon_core.verb.build.BuildVerb object at 0xffff8da123f0>, main=<bound method BuildVerb.main of <colcon_core.verb.build.BuildVerb object at 0xffff8da123f0>>)
[0.384s] Level 1:colcon.colcon_core.package_discovery:discover_packages(colcon_meta) check parameters
[0.384s] Level 1:colcon.colcon_core.package_discovery:discover_packages(recursive) check parameters
[0.384s] Level 1:colcon.colcon_core.package_discovery:discover_packages(ignore) check parameters
[0.384s] Level 1:colcon.colcon_core.package_discovery:discover_packages(path) check parameters
[0.384s] Level 1:colcon.colcon_core.package_discovery:discover_packages(colcon_meta) discover
[0.384s] Level 1:colcon.colcon_core.package_discovery:discover_packages(recursive) discover
[0.384s] INFO:colcon.colcon_core.package_discovery:Crawling recursively for packages in '/home/mbot/mbot_ros_labs'
[0.384s] Level 1:colcon.colcon_core.package_identification:_identify(.) by extensions ['ignore', 'ignore_ament_install']
[0.384s] Level 1:colcon.colcon_core.package_identification:_identify(.) by extension 'ignore'
[0.384s] Level 1:colcon.colcon_core.package_identification:_identify(.) by extension 'ignore_ament_install'
[0.385s] Level 1:colcon.colcon_core.package_identification:_identify(.) by extensions ['colcon_pkg']
[0.385s] Level 1:colcon.colcon_core.package_identification:_identify(.) by extension 'colcon_pkg'
[0.385s] Level 1:colcon.colcon_core.package_identification:_identify(.) by extensions ['colcon_meta']
[0.385s] Level 1:colcon.colcon_core.package_identification:_identify(.) by extension 'colcon_meta'
[0.385s] Level 1:colcon.colcon_core.package_identification:_identify(.) by extensions ['ros']
[0.385s] Level 1:colcon.colcon_core.package_identification:_identify(.) by extension 'ros'
[0.455s] Level 1:colcon.colcon_core.package_identification:_identify(.) by extensions ['cmake', 'meson', 'python']
[0.455s] Level 1:colcon.colcon_core.package_identification:_identify(.) by extension 'cmake'
[0.455s] Level 1:colcon.colcon_core.package_identification:_identify(.) by extension 'meson'
[0.455s] Level 1:colcon.colcon_core.package_identification:_identify(.) by extension 'python'
[0.456s] Level 1:colcon.colcon_core.package_identification:_identify(.) by extensions ['python_setup_py']
[0.456s] Level 1:colcon.colcon_core.package_identification:_identify(.) by extension 'python_setup_py'
[0.456s] Level 1:colcon.colcon_core.package_identification:_identify(build) by extensions ['ignore', 'ignore_ament_install']
[0.456s] Level 1:colcon.colcon_core.package_identification:_identify(build) by extension 'ignore'
[0.456s] Level 1:colcon.colcon_core.package_identification:_identify(build) ignored
[0.456s] Level 1:colcon.colcon_core.package_identification:_identify(install) by extensions ['ignore', 'ignore_ament_install']
[0.456s] Level 1:colcon.colcon_core.package_identification:_identify(install) by extension 'ignore'
[0.456s] Level 1:colcon.colcon_core.package_identification:_identify(install) ignored
[0.457s] Level 1:colcon.colcon_core.package_identification:_identify(log) by extensions ['ignore', 'ignore_ament_install']
[0.457s] Level 1:colcon.colcon_core.package_identification:_identify(log) by extension 'ignore'
[0.457s] Level 1:colcon.colcon_core.package_identification:_identify(log) ignored
[0.457s] Level 1:colcon.colcon_core.package_identification:_identify(mbot_labs_ws) by extensions ['ignore', 'ignore_ament_install']
[0.457s] Level 1:colcon.colcon_core.package_identification:_identify(mbot_labs_ws) by extension 'ignore'
[0.457s] Level 1:colcon.colcon_core.package_identification:_identify(mbot_labs_ws) by extension 'ignore_ament_install'
[0.457s] Level 1:colcon.colcon_core.package_identification:_identify(mbot_labs_ws) by extensions ['colcon_pkg']
[0.457s] Level 1:colcon.colcon_core.package_identification:_identify(mbot_labs_ws) by extension 'colcon_pkg'
[0.457s] Level 1:colcon.colcon_core.package_identification:_identify(mbot_labs_ws) by extensions ['colcon_meta']
[0.457s] Level 1:colcon.colcon_core.package_identification:_identify(mbot_labs_ws) by extension 'colcon_meta'
[0.457s] Level 1:colcon.colcon_core.package_identification:_identify(mbot_labs_ws) by extensions ['ros']
[0.457s] Level 1:colcon.colcon_core.package_identification:_identify(mbot_labs_ws) by extension 'ros'
[0.457s] Level 1:colcon.colcon_core.package_identification:_identify(mbot_labs_ws) by extensions ['cmake', 'meson', 'python']
[0.457s] Level 1:colcon.colcon_core.package_identification:_identify(mbot_labs_ws) by extension 'cmake'
[0.457s] Level 1:colcon.colcon_core.package_identification:_identify(mbot_labs_ws) by extension 'meson'
[0.457s] Level 1:colcon.colcon_core.package_identification:_identify(mbot_labs_ws) by extension 'python'
[0.458s] Level 1:colcon.colcon_core.package_identification:_identify(mbot_labs_ws) by extensions ['python_setup_py']
[0.458s] Level 1:colcon.colcon_core.package_identification:_identify(mbot_labs_ws) by extension 'python_setup_py'
[0.458s] Level 1:colcon.colcon_core.package_identification:_identify(mbot_labs_ws/build) by extensions ['ignore', 'ignore_ament_install']
[0.458s] Level 1:colcon.colcon_core.package_identification:_identify(mbot_labs_ws/build) by extension 'ignore'
[0.458s] Level 1:colcon.colcon_core.package_identification:_identify(mbot_labs_ws/build) ignored
[0.458s] Level 1:colcon.colcon_core.package_identification:_identify(mbot_labs_ws/install) by extensions ['ignore', 'ignore_ament_install']
[0.458s] Level 1:colcon.colcon_core.package_identification:_identify(mbot_labs_ws/install) by extension 'ignore'
[0.458s] Level 1:colcon.colcon_core.package_identification:_identify(mbot_labs_ws/install) ignored
[0.458s] Level 1:colcon.colcon_core.package_identification:_identify(mbot_labs_ws/log) by extensions ['ignore', 'ignore_ament_install']
[0.458s] Level 1:colcon.colcon_core.package_identification:_identify(mbot_labs_ws/log) by extension 'ignore'
[0.458s] Level 1:colcon.colcon_core.package_identification:_identify(mbot_labs_ws/log) ignored
[0.458s] Level 1:colcon.colcon_core.package_identification:_identify(mbot_labs_ws/mbot_localization) by extensions ['ignore', 'ignore_ament_install']
[0.458s] Level 1:colcon.colcon_core.package_identification:_identify(mbot_labs_ws/mbot_localization) by extension 'ignore'
[0.459s] Level 1:colcon.colcon_core.package_identification:_identify(mbot_labs_ws/mbot_localization) by extension 'ignore_ament_install'
[0.459s] Level 1:colcon.colcon_core.package_identification:_identify(mbot_labs_ws/mbot_localization) by extensions ['colcon_pkg']
[0.459s] Level 1:colcon.colcon_core.package_identification:_identify(mbot_labs_ws/mbot_localization) by extension 'colcon_pkg'
[0.459s] Level 1:colcon.colcon_core.package_identification:_identify(mbot_labs_ws/mbot_localization) by extensions ['colcon_meta']
[0.459s] Level 1:colcon.colcon_core.package_identification:_identify(mbot_labs_ws/mbot_localization) by extension 'colcon_meta'
[0.459s] Level 1:colcon.colcon_core.package_identification:_identify(mbot_labs_ws/mbot_localization) by extensions ['ros']
[0.459s] Level 1:colcon.colcon_core.package_identification:_identify(mbot_labs_ws/mbot_localization) by extension 'ros'
[0.463s] DEBUG:colcon.colcon_core.package_identification:Package 'mbot_labs_ws/mbot_localization' with type 'ros.ament_cmake' and name 'mbot_localization'
[0.463s] Level 1:colcon.colcon_core.package_identification:_identify(mbot_labs_ws/mbot_mapping) by extensions ['ignore', 'ignore_ament_install']
[0.463s] Level 1:colcon.colcon_core.package_identification:_identify(mbot_labs_ws/mbot_mapping) by extension 'ignore'
[0.463s] Level 1:colcon.colcon_core.package_identification:_identify(mbot_labs_ws/mbot_mapping) by extension 'ignore_ament_install'
[0.463s] Level 1:colcon.colcon_core.package_identification:_identify(mbot_labs_ws/mbot_mapping) by extensions ['colcon_pkg']
[0.463s] Level 1:colcon.colcon_core.package_identification:_identify(mbot_labs_ws/mbot_mapping) by extension 'colcon_pkg'
[0.463s] Level 1:colcon.colcon_core.package_identification:_identify(mbot_labs_ws/mbot_mapping) by extensions ['colcon_meta']
[0.463s] Level 1:colcon.colcon_core.package_identification:_identify(mbot_labs_ws/mbot_mapping) by extension 'colcon_meta'
[0.463s] Level 1:colcon.colcon_core.package_identification:_identify(mbot_labs_ws/mbot_mapping) by extensions ['ros']
[0.463s] Level 1:colcon.colcon_core.package_identification:_identify(mbot_labs_ws/mbot_mapping) by extension 'ros'
[0.464s] DEBUG:colcon.colcon_core.package_identification:Package 'mbot_labs_ws/mbot_mapping' with type 'ros.ament_cmake' and name 'mbot_mapping'
[0.464s] Level 1:colcon.colcon_core.package_identification:_identify(mbot_labs_ws/mbot_nav) by extensions ['ignore', 'ignore_ament_install']
[0.464s] Level 1:colcon.colcon_core.package_identification:_identify(mbot_labs_ws/mbot_nav) by extension 'ignore'
[0.465s] Level 1:colcon.colcon_core.package_identification:_identify(mbot_labs_ws/mbot_nav) by extension 'ignore_ament_install'
[0.465s] Level 1:colcon.colcon_core.package_identification:_identify(mbot_labs_ws/mbot_nav) by extensions ['colcon_pkg']
[0.465s] Level 1:colcon.colcon_core.package_identification:_identify(mbot_labs_ws/mbot_nav) by extension 'colcon_pkg'
[0.465s] Level 1:colcon.colcon_core.package_identification:_identify(mbot_labs_ws/mbot_nav) by extensions ['colcon_meta']
[0.465s] Level 1:colcon.colcon_core.package_identification:_identify(mbot_labs_ws/mbot_nav) by extension 'colcon_meta'
[0.465s] Level 1:colcon.colcon_core.package_identification:_identify(mbot_labs_ws/mbot_nav) by extensions ['ros']
[0.465s] Level 1:colcon.colcon_core.package_identification:_identify(mbot_labs_ws/mbot_nav) by extension 'ros'
[0.466s] DEBUG:colcon.colcon_core.package_identification:Package 'mbot_labs_ws/mbot_nav' with type 'ros.ament_cmake' and name 'mbot_nav'
[0.466s] Level 1:colcon.colcon_core.package_identification:_identify(mbot_labs_ws/mbot_rosbags) by extensions ['ignore', 'ignore_ament_install']
[0.466s] Level 1:colcon.colcon_core.package_identification:_identify(mbot_labs_ws/mbot_rosbags) by extension 'ignore'
[0.466s] Level 1:colcon.colcon_core.package_identification:_identify(mbot_labs_ws/mbot_rosbags) by extension 'ignore_ament_install'
[0.466s] Level 1:colcon.colcon_core.package_identification:_identify(mbot_labs_ws/mbot_rosbags) by extensions ['colcon_pkg']
[0.466s] Level 1:colcon.colcon_core.package_identification:_identify(mbot_labs_ws/mbot_rosbags) by extension 'colcon_pkg'
[0.466s] Level 1:colcon.colcon_core.package_identification:_identify(mbot_labs_ws/mbot_rosbags) by extensions ['colcon_meta']
[0.466s] Level 1:colcon.colcon_core.package_identification:_identify(mbot_labs_ws/mbot_rosbags) by extension 'colcon_meta'
[0.466s] Level 1:colcon.colcon_core.package_identification:_identify(mbot_labs_ws/mbot_rosbags) by extensions ['ros']
[0.466s] Level 1:colcon.colcon_core.package_identification:_identify(mbot_labs_ws/mbot_rosbags) by extension 'ros'
[0.466s] Level 1:colcon.colcon_core.package_identification:_identify(mbot_labs_ws/mbot_rosbags) by extensions ['cmake', 'meson', 'python']
[0.466s] Level 1:colcon.colcon_core.package_identification:_identify(mbot_labs_ws/mbot_rosbags) by extension 'cmake'
[0.466s] Level 1:colcon.colcon_core.package_identification:_identify(mbot_labs_ws/mbot_rosbags) by extension 'meson'
[0.466s] Level 1:colcon.colcon_core.package_identification:_identify(mbot_labs_ws/mbot_rosbags) by extension 'python'
[0.467s] Level 1:colcon.colcon_core.package_identification:_identify(mbot_labs_ws/mbot_rosbags) by extensions ['python_setup_py']
[0.467s] Level 1:colcon.colcon_core.package_identification:_identify(mbot_labs_ws/mbot_rosbags) by extension 'python_setup_py'
[0.467s] Level 1:colcon.colcon_core.package_identification:_identify(mbot_labs_ws/mbot_rosbags/maze1) by extensions ['ignore', 'ignore_ament_install']
[0.467s] Level 1:colcon.colcon_core.package_identification:_identify(mbot_labs_ws/mbot_rosbags/maze1) by extension 'ignore'
[0.467s] Level 1:colcon.colcon_core.package_identification:_identify(mbot_labs_ws/mbot_rosbags/maze1) by extension 'ignore_ament_install'
[0.467s] Level 1:colcon.colcon_core.package_identification:_identify(mbot_labs_ws/mbot_rosbags/maze1) by extensions ['colcon_pkg']
[0.467s] Level 1:colcon.colcon_core.package_identification:_identify(mbot_labs_ws/mbot_rosbags/maze1) by extension 'colcon_pkg'
[0.467s] Level 1:colcon.colcon_core.package_identification:_identify(mbot_labs_ws/mbot_rosbags/maze1) by extensions ['colcon_meta']
[0.467s] Level 1:colcon.colcon_core.package_identification:_identify(mbot_labs_ws/mbot_rosbags/maze1) by extension 'colcon_meta'
[0.467s] Level 1:colcon.colcon_core.package_identification:_identify(mbot_labs_ws/mbot_rosbags/maze1) by extensions ['ros']
[0.467s] Level 1:colcon.colcon_core.package_identification:_identify(mbot_labs_ws/mbot_rosbags/maze1) by extension 'ros'
[0.467s] Level 1:colcon.colcon_core.package_identification:_identify(mbot_labs_ws/mbot_rosbags/maze1) by extensions ['cmake', 'meson', 'python']
[0.467s] Level 1:colcon.colcon_core.package_identification:_identify(mbot_labs_ws/mbot_rosbags/maze1) by extension 'cmake'
[0.467s] Level 1:colcon.colcon_core.package_identification:_identify(mbot_labs_ws/mbot_rosbags/maze1) by extension 'meson'
[0.467s] Level 1:colcon.colcon_core.package_identification:_identify(mbot_labs_ws/mbot_rosbags/maze1) by extension 'python'
[0.467s] Level 1:colcon.colcon_core.package_identification:_identify(mbot_labs_ws/mbot_rosbags/maze1) by extensions ['python_setup_py']
[0.467s] Level 1:colcon.colcon_core.package_identification:_identify(mbot_labs_ws/mbot_rosbags/maze1) by extension 'python_setup_py'
[0.467s] Level 1:colcon.colcon_core.package_identification:_identify(mbot_labs_ws/mbot_rosbags/slam_test) by extensions ['ignore', 'ignore_ament_install']
[0.468s] Level 1:colcon.colcon_core.package_identification:_identify(mbot_labs_ws/mbot_rosbags/slam_test) by extension 'ignore'
[0.468s] Level 1:colcon.colcon_core.package_identification:_identify(mbot_labs_ws/mbot_rosbags/slam_test) by extension 'ignore_ament_install'
[0.468s] Level 1:colcon.colcon_core.package_identification:_identify(mbot_labs_ws/mbot_rosbags/slam_test) by extensions ['colcon_pkg']
[0.468s] Level 1:colcon.colcon_core.package_identification:_identify(mbot_labs_ws/mbot_rosbags/slam_test) by extension 'colcon_pkg'
[0.468s] Level 1:colcon.colcon_core.package_identification:_identify(mbot_labs_ws/mbot_rosbags/slam_test) by extensions ['colcon_meta']
[0.468s] Level 1:colcon.colcon_core.package_identification:_identify(mbot_labs_ws/mbot_rosbags/slam_test) by extension 'colcon_meta'
[0.468s] Level 1:colcon.colcon_core.package_identification:_identify(mbot_labs_ws/mbot_rosbags/slam_test) by extensions ['ros']
[0.468s] Level 1:colcon.colcon_core.package_identification:_identify(mbot_labs_ws/mbot_rosbags/slam_test) by extension 'ros'
[0.468s] Level 1:colcon.colcon_core.package_identification:_identify(mbot_labs_ws/mbot_rosbags/slam_test) by extensions ['cmake', 'meson', 'python']
[0.468s] Level 1:colcon.colcon_core.package_identification:_identify(mbot_labs_ws/mbot_rosbags/slam_test) by extension 'cmake'
[0.468s] Level 1:colcon.colcon_core.package_identification:_identify(mbot_labs_ws/mbot_rosbags/slam_test) by extension 'meson'
[0.468s] Level 1:colcon.colcon_core.package_identification:_identify(mbot_labs_ws/mbot_rosbags/slam_test) by extension 'python'
[0.468s] Level 1:colcon.colcon_core.package_identification:_identify(mbot_labs_ws/mbot_rosbags/slam_test) by extensions ['python_setup_py']
[0.468s] Level 1:colcon.colcon_core.package_identification:_identify(mbot_labs_ws/mbot_rosbags/slam_test) by extension 'python_setup_py'
[0.468s] Level 1:colcon.colcon_core.package_identification:_identify(mbot_labs_ws/mbot_setpoint) by extensions ['ignore', 'ignore_ament_install']
[0.468s] Level 1:colcon.colcon_core.package_identification:_identify(mbot_labs_ws/mbot_setpoint) by extension 'ignore'
[0.468s] Level 1:colcon.colcon_core.package_identification:_identify(mbot_labs_ws/mbot_setpoint) by extension 'ignore_ament_install'
[0.469s] Level 1:colcon.colcon_core.package_identification:_identify(mbot_labs_ws/mbot_setpoint) by extensions ['colcon_pkg']
[0.469s] Level 1:colcon.colcon_core.package_identification:_identify(mbot_labs_ws/mbot_setpoint) by extension 'colcon_pkg'
[0.469s] Level 1:colcon.colcon_core.package_identification:_identify(mbot_labs_ws/mbot_setpoint) by extensions ['colcon_meta']
[0.469s] Level 1:colcon.colcon_core.package_identification:_identify(mbot_labs_ws/mbot_setpoint) by extension 'colcon_meta'
[0.469s] Level 1:colcon.colcon_core.package_identification:_identify(mbot_labs_ws/mbot_setpoint) by extensions ['ros']
[0.469s] Level 1:colcon.colcon_core.package_identification:_identify(mbot_labs_ws/mbot_setpoint) by extension 'ros'
[0.470s] DEBUG:colcon.colcon_core.package_identification:Package 'mbot_labs_ws/mbot_setpoint' with type 'ros.ament_cmake' and name 'mbot_setpoint'
[0.470s] Level 1:colcon.colcon_core.package_identification:_identify(mbot_labs_ws/mbot_slam) by extensions ['ignore', 'ignore_ament_install']
[0.470s] Level 1:colcon.colcon_core.package_identification:_identify(mbot_labs_ws/mbot_slam) by extension 'ignore'
[0.470s] Level 1:colcon.colcon_core.package_identification:_identify(mbot_labs_ws/mbot_slam) by extension 'ignore_ament_install'
[0.470s] Level 1:colcon.colcon_core.package_identification:_identify(mbot_labs_ws/mbot_slam) by extensions ['colcon_pkg']
[0.470s] Level 1:colcon.colcon_core.package_identification:_identify(mbot_labs_ws/mbot_slam) by extension 'colcon_pkg'
[0.470s] Level 1:colcon.colcon_core.package_identification:_identify(mbot_labs_ws/mbot_slam) by extensions ['colcon_meta']
[0.470s] Level 1:colcon.colcon_core.package_identification:_identify(mbot_labs_ws/mbot_slam) by extension 'colcon_meta'
[0.471s] Level 1:colcon.colcon_core.package_identification:_identify(mbot_labs_ws/mbot_slam) by extensions ['ros']
[0.471s] Level 1:colcon.colcon_core.package_identification:_identify(mbot_labs_ws/mbot_slam) by extension 'ros'
[0.472s] DEBUG:colcon.colcon_core.package_identification:Package 'mbot_labs_ws/mbot_slam' with type 'ros.ament_cmake' and name 'mbot_slam'
[0.472s] Level 1:colcon.colcon_core.package_discovery:discover_packages(recursive) using defaults
[0.472s] Level 1:colcon.colcon_core.package_discovery:discover_packages(ignore) discover
[0.472s] Level 1:colcon.colcon_core.package_discovery:discover_packages(ignore) using defaults
[0.472s] Level 1:colcon.colcon_core.package_discovery:discover_packages(path) discover
[0.472s] Level 1:colcon.colcon_core.package_discovery:discover_packages(path) using defaults
[0.494s] INFO:colcon.colcon_core.package_selection:Skipping not selected package 'mbot_localization' in 'mbot_labs_ws/mbot_localization'
[0.494s] INFO:colcon.colcon_core.package_selection:Skipping not selected package 'mbot_nav' in 'mbot_labs_ws/mbot_nav'
[0.494s] INFO:colcon.colcon_core.package_selection:Skipping not selected package 'mbot_setpoint' in 'mbot_labs_ws/mbot_setpoint'
[0.494s] INFO:colcon.colcon_core.package_selection:Skipping not selected package 'mbot_slam' in 'mbot_labs_ws/mbot_slam'
[0.495s] Level 1:colcon.colcon_core.package_discovery:discover_packages(prefix_path) check parameters
[0.495s] Level 1:colcon.colcon_core.package_discovery:discover_packages(prefix_path) discover
[0.498s] DEBUG:colcon.colcon_installed_package_information.package_discovery:Found 1 installed packages in /home/mbot/mbot_ros_labs/mbot_labs_ws/install
[0.499s] DEBUG:colcon.colcon_installed_package_information.package_discovery:Found 2 installed packages in /home/mbot/mbot_ros_labs/install
[0.500s] DEBUG:colcon.colcon_installed_package_information.package_discovery:Found 5 installed packages in /home/mbot/mbot_ws/install
[0.500s] DEBUG:colcon.colcon_installed_package_information.package_discovery:Found 3 installed packages in /home/mbot/microros_ws/install
[0.502s] DEBUG:colcon.colcon_installed_package_information.package_discovery:Found 369 installed packages in /opt/ros/jazzy
[0.504s] Level 1:colcon.colcon_core.package_discovery:discover_packages(prefix_path) using defaults
[0.593s] Level 5:colcon.colcon_core.verb:set package 'mbot_mapping' build argument 'cmake_args' from command line to 'None'
[0.593s] Level 5:colcon.colcon_core.verb:set package 'mbot_mapping' build argument 'cmake_target' from command line to 'None'
[0.593s] Level 5:colcon.colcon_core.verb:set package 'mbot_mapping' build argument 'cmake_target_skip_unavailable' from command line to 'False'
[0.593s] Level 5:colcon.colcon_core.verb:set package 'mbot_mapping' build argument 'cmake_clean_cache' from command line to 'False'
[0.593s] Level 5:colcon.colcon_core.verb:set package 'mbot_mapping' build argument 'cmake_clean_first' from command line to 'False'
[0.593s] Level 5:colcon.colcon_core.verb:set package 'mbot_mapping' build argument 'cmake_force_configure' from command line to 'False'
[0.593s] Level 5:colcon.colcon_core.verb:set package 'mbot_mapping' build argument 'meson_args' from command line to '[]'
[0.593s] Level 5:colcon.colcon_core.verb:set package 'mbot_mapping' build argument 'ament_cmake_args' from command line to 'None'
[0.593s] Level 5:colcon.colcon_core.verb:set package 'mbot_mapping' build argument 'catkin_cmake_args' from command line to 'None'
[0.593s] Level 5:colcon.colcon_core.verb:set package 'mbot_mapping' build argument 'catkin_skip_building_tests' from command line to 'False'
[0.593s] DEBUG:colcon.colcon_core.verb:Building package 'mbot_mapping' with the following arguments: {'ament_cmake_args': None, 'build_base': '/home/mbot/mbot_ros_labs/build/mbot_mapping', 'catkin_cmake_args': None, 'catkin_skip_building_tests': False, 'cmake_args': None, 'cmake_clean_cache': False, 'cmake_clean_first': False, 'cmake_force_configure': False, 'cmake_target': None, 'cmake_target_skip_unavailable': False, 'install_base': '/home/mbot/mbot_ros_labs/install/mbot_mapping', 'merge_install': False, 'meson_args': [], 'path': '/home/mbot/mbot_ros_labs/mbot_labs_ws/mbot_mapping', 'symlink_install': False, 'test_result_base': None}
[0.593s] INFO:colcon.colcon_core.executor:Executing jobs using 'parallel' executor
[0.595s] DEBUG:colcon.colcon_parallel_executor.executor.parallel:run_until_complete
[0.595s] INFO:colcon.colcon_ros.task.ament_cmake.build:Building ROS package in '/home/mbot/mbot_ros_labs/mbot_labs_ws/mbot_mapping' with build type 'ament_cmake'
[0.595s] INFO:colcon.colcon_cmake.task.cmake.build:Building CMake package in '/home/mbot/mbot_ros_labs/mbot_labs_ws/mbot_mapping'
[0.598s] INFO:colcon.colcon_core.plugin_system:Skipping extension 'colcon_core.shell.bat': Not used on non-Windows systems
[0.598s] INFO:colcon.colcon_core.shell:Skip shell extension 'powershell' for command environment: Not usable outside of PowerShell
[0.598s] DEBUG:colcon.colcon_core.shell:Skip shell extension 'dsv' for command environment
[0.614s] DEBUG:colcon.colcon_core.event_handler.log_command:Invoking command in '/home/mbot/mbot_ros_labs/build/mbot_mapping': CMAKE_PREFIX_PATH=${CMAKE_PREFIX_PATH}:/home/mbot/mbot_ws/install/mbot_vision:/home/mbot/mbot_ws/install/mbot_bringup:/opt/ros/jazzy DEBUGINFOD_URLS=https://debuginfod.ubuntu.com /usr/bin/cmake --build /home/mbot/mbot_ros_labs/build/mbot_mapping -- -j4 -l4
[15.862s] DEBUG:colcon.colcon_core.event_handler.log_command:Invoked command in '/home/mbot/mbot_ros_labs/build/mbot_mapping' returned '0': CMAKE_PREFIX_PATH=${CMAKE_PREFIX_PATH}:/home/mbot/mbot_ws/install/mbot_vision:/home/mbot/mbot_ws/install/mbot_bringup:/opt/ros/jazzy DEBUGINFOD_URLS=https://debuginfod.ubuntu.com /usr/bin/cmake --build /home/mbot/mbot_ros_labs/build/mbot_mapping -- -j4 -l4
[15.883s] DEBUG:colcon.colcon_core.event_handler.log_command:Invoking command in '/home/mbot/mbot_ros_labs/build/mbot_mapping': CMAKE_PREFIX_PATH=${CMAKE_PREFIX_PATH}:/home/mbot/mbot_ws/install/mbot_vision:/home/mbot/mbot_ws/install/mbot_bringup:/opt/ros/jazzy DEBUGINFOD_URLS=https://debuginfod.ubuntu.com /usr/bin/cmake --install /home/mbot/mbot_ros_labs/build/mbot_mapping
[15.920s] Level 1:colcon.colcon_core.environment:create_environment_scripts_only(mbot_mapping)
[15.921s] DEBUG:colcon.colcon_core.event_handler.log_command:Invoked command in '/home/mbot/mbot_ros_labs/build/mbot_mapping' returned '0': CMAKE_PREFIX_PATH=${CMAKE_PREFIX_PATH}:/home/mbot/mbot_ws/install/mbot_vision:/home/mbot/mbot_ws/install/mbot_bringup:/opt/ros/jazzy DEBUGINFOD_URLS=https://debuginfod.ubuntu.com /usr/bin/cmake --install /home/mbot/mbot_ros_labs/build/mbot_mapping
[15.923s] Level 1:colcon.colcon_core.environment:checking '/home/mbot/mbot_ros_labs/install/mbot_mapping' for CMake module files
[15.924s] Level 1:colcon.colcon_core.environment:checking '/home/mbot/mbot_ros_labs/install/mbot_mapping' for CMake config files
[15.924s] Level 1:colcon.colcon_core.shell:create_environment_hook('mbot_mapping', 'cmake_prefix_path')
[15.925s] INFO:colcon.colcon_core.shell:Creating environment hook '/home/mbot/mbot_ros_labs/install/mbot_mapping/share/mbot_mapping/hook/cmake_prefix_path.ps1'
[15.926s] INFO:colcon.colcon_core.shell:Creating environment descriptor '/home/mbot/mbot_ros_labs/install/mbot_mapping/share/mbot_mapping/hook/cmake_prefix_path.dsv'
[15.927s] INFO:colcon.colcon_core.shell:Creating environment hook '/home/mbot/mbot_ros_labs/install/mbot_mapping/share/mbot_mapping/hook/cmake_prefix_path.sh'
[15.928s] Level 1:colcon.colcon_core.environment:checking '/home/mbot/mbot_ros_labs/install/mbot_mapping/lib'
[15.928s] Level 1:colcon.colcon_core.environment:checking '/home/mbot/mbot_ros_labs/install/mbot_mapping/bin'
[15.928s] Level 1:colcon.colcon_core.environment:checking '/home/mbot/mbot_ros_labs/install/mbot_mapping/lib/pkgconfig/mbot_mapping.pc'
[15.929s] Level 1:colcon.colcon_core.environment:checking '/home/mbot/mbot_ros_labs/install/mbot_mapping/lib/python3.12/site-packages'
[15.929s] Level 1:colcon.colcon_core.environment:checking '/home/mbot/mbot_ros_labs/install/mbot_mapping/bin'
[15.929s] INFO:colcon.colcon_core.shell:Creating package script '/home/mbot/mbot_ros_labs/install/mbot_mapping/share/mbot_mapping/package.ps1'
[15.930s] INFO:colcon.colcon_core.shell:Creating package descriptor '/home/mbot/mbot_ros_labs/install/mbot_mapping/share/mbot_mapping/package.dsv'
[15.931s] INFO:colcon.colcon_core.shell:Creating package script '/home/mbot/mbot_ros_labs/install/mbot_mapping/share/mbot_mapping/package.sh'
[15.932s] INFO:colcon.colcon_core.shell:Creating package script '/home/mbot/mbot_ros_labs/install/mbot_mapping/share/mbot_mapping/package.bash'
[15.933s] INFO:colcon.colcon_core.shell:Creating package script '/home/mbot/mbot_ros_labs/install/mbot_mapping/share/mbot_mapping/package.zsh'
[15.934s] Level 1:colcon.colcon_core.environment:create_file_with_runtime_dependencies(/home/mbot/mbot_ros_labs/install/mbot_mapping/share/colcon-core/packages/mbot_mapping)
[15.935s] Level 1:colcon.colcon_core.environment:create_environment_scripts_only(mbot_mapping)
[15.935s] Level 1:colcon.colcon_core.environment:checking '/home/mbot/mbot_ros_labs/install/mbot_mapping' for CMake module files
[15.936s] Level 1:colcon.colcon_core.environment:checking '/home/mbot/mbot_ros_labs/install/mbot_mapping' for CMake config files
[15.936s] Level 1:colcon.colcon_core.shell:create_environment_hook('mbot_mapping', 'cmake_prefix_path')
[15.936s] INFO:colcon.colcon_core.shell:Creating environment hook '/home/mbot/mbot_ros_labs/install/mbot_mapping/share/mbot_mapping/hook/cmake_prefix_path.ps1'
[15.937s] INFO:colcon.colcon_core.shell:Creating environment descriptor '/home/mbot/mbot_ros_labs/install/mbot_mapping/share/mbot_mapping/hook/cmake_prefix_path.dsv'
[15.938s] INFO:colcon.colcon_core.shell:Creating environment hook '/home/mbot/mbot_ros_labs/install/mbot_mapping/share/mbot_mapping/hook/cmake_prefix_path.sh'
[15.939s] Level 1:colcon.colcon_core.environment:checking '/home/mbot/mbot_ros_labs/install/mbot_mapping/lib'
[15.939s] Level 1:colcon.colcon_core.environment:checking '/home/mbot/mbot_ros_labs/install/mbot_mapping/bin'
[15.939s] Level 1:colcon.colcon_core.environment:checking '/home/mbot/mbot_ros_labs/install/mbot_mapping/lib/pkgconfig/mbot_mapping.pc'
[15.939s] Level 1:colcon.colcon_core.environment:checking '/home/mbot/mbot_ros_labs/install/mbot_mapping/lib/python3.12/site-packages'
[15.940s] Level 1:colcon.colcon_core.environment:checking '/home/mbot/mbot_ros_labs/install/mbot_mapping/bin'
[15.940s] INFO:colcon.colcon_core.shell:Creating package script '/home/mbot/mbot_ros_labs/install/mbot_mapping/share/mbot_mapping/package.ps1'
[15.940s] INFO:colcon.colcon_core.shell:Creating package descriptor '/home/mbot/mbot_ros_labs/install/mbot_mapping/share/mbot_mapping/package.dsv'
[15.942s] INFO:colcon.colcon_core.shell:Creating package script '/home/mbot/mbot_ros_labs/install/mbot_mapping/share/mbot_mapping/package.sh'
[15.943s] INFO:colcon.colcon_core.shell:Creating package script '/home/mbot/mbot_ros_labs/install/mbot_mapping/share/mbot_mapping/package.bash'
[15.944s] INFO:colcon.colcon_core.shell:Creating package script '/home/mbot/mbot_ros_labs/install/mbot_mapping/share/mbot_mapping/package.zsh'
[15.945s] Level 1:colcon.colcon_core.environment:create_file_with_runtime_dependencies(/home/mbot/mbot_ros_labs/install/mbot_mapping/share/colcon-core/packages/mbot_mapping)
[15.946s] DEBUG:colcon.colcon_parallel_executor.executor.parallel:closing loop
[15.947s] DEBUG:colcon.colcon_parallel_executor.executor.parallel:loop closed
[15.947s] DEBUG:colcon.colcon_parallel_executor.executor.parallel:run_until_complete finished with '0'
[15.947s] DEBUG:colcon.colcon_core.event_reactor:joining thread
[15.956s] INFO:colcon.colcon_core.plugin_system:Skipping extension 'colcon_notification.desktop_notification.terminal_notifier': Not used on non-Darwin systems
[15.956s] INFO:colcon.colcon_core.plugin_system:Skipping extension 'colcon_notification.desktop_notification.win32': Not used on non-Windows systems
[15.956s] INFO:colcon.colcon_notification.desktop_notification:Sending desktop notification using 'notify2'
[15.957s] DEBUG:colcon.colcon_notification.desktop_notification.notify2:Failed to initialize notify2: org.freedesktop.DBus.Error.ServiceUnknown: The name org.freedesktop.Notifications was not provided by any .service files
[15.958s] DEBUG:colcon.colcon_core.event_reactor:joined thread
[15.958s] INFO:colcon.colcon_core.shell:Creating prefix script '/home/mbot/mbot_ros_labs/install/local_setup.ps1'
[15.959s] INFO:colcon.colcon_core.shell:Creating prefix util module '/home/mbot/mbot_ros_labs/install/_local_setup_util_ps1.py'
[15.961s] INFO:colcon.colcon_core.shell:Creating prefix chain script '/home/mbot/mbot_ros_labs/install/setup.ps1'
[15.963s] INFO:colcon.colcon_core.shell:Creating prefix script '/home/mbot/mbot_ros_labs/install/local_setup.sh'
[15.965s] INFO:colcon.colcon_core.shell:Creating prefix util module '/home/mbot/mbot_ros_labs/install/_local_setup_util_sh.py'
[15.968s] INFO:colcon.colcon_core.shell:Creating prefix chain script '/home/mbot/mbot_ros_labs/install/setup.sh'
[15.970s] INFO:colcon.colcon_core.shell:Creating prefix script '/home/mbot/mbot_ros_labs/install/local_setup.bash'
[15.971s] INFO:colcon.colcon_core.shell:Creating prefix chain script '/home/mbot/mbot_ros_labs/install/setup.bash'
[15.973s] INFO:colcon.colcon_core.shell:Creating prefix script '/home/mbot/mbot_ros_labs/install/local_setup.zsh'
[15.974s] INFO:colcon.colcon_core.shell:Creating prefix chain script '/home/mbot/mbot_ros_labs/install/setup.zsh'
