[0.329s] DEBUG:colcon:Command line arguments: ['/usr/bin/colcon', 'build', '--packages-select', 'mbot_mapping']
[0.329s] DEBUG:colcon:Parsed command line arguments: Namespace(log_base=None, log_level=None, verb_name='build', build_base='build', install_base='install', merge_install=False, symlink_install=False, test_result_base=None, continue_on_error=False, executor='parallel', parallel_workers=4, event_handlers=None, ignore_user_meta=False, metas=['./colcon.meta'], base_paths=['.'], packages_ignore=None, packages_ignore_regex=None, paths=None, packages_up_to=None, packages_up_to_regex=None, packages_above=None, packages_above_and_dependencies=None, packages_above_depth=None, packages_select_by_dep=None, packages_skip_by_dep=None, packages_skip_up_to=None, packages_select_build_failed=False, packages_skip_build_finished=False, packages_select_test_failures=False, packages_skip_test_passed=False, packages_select=['mbot_mapping'], packages_skip=None, packages_select_regex=None, packages_skip_regex=None, packages_start=None, packages_end=None, allow_overriding=[], cmake_args=None, cmake_target=None, cmake_target_skip_unavailable=False, cmake_clean_cache=False, cmake_clean_first=False, cmake_force_configure=False, meson_args=[], ament_cmake_args=None, catkin_cmake_args=None, catkin_skip_building_tests=False, verb_parser=<colcon_defaults.argument_parser.defaults.DefaultArgumentsDecorator object at 0xffffae8ae6f0>, verb_extension=<colcon_core.verb.build.BuildVerb object at 0xffffae8ae510>, main=<bound method BuildVerb.main of <colcon_core.verb.build.BuildVerb object at 0xffffae8ae510>>)
[0.388s] Level 1:colcon.colcon_core.package_discovery:discover_packages(colcon_meta) check parameters
[0.389s] Level 1:colcon.colcon_core.package_discovery:discover_packages(recursive) check parameters
[0.389s] Level 1:colcon.colcon_core.package_discovery:discover_packages(ignore) check parameters
[0.389s] Level 1:colcon.colcon_core.package_discovery:discover_packages(path) check parameters
[0.389s] Level 1:colcon.colcon_core.package_discovery:discover_packages(colcon_meta) discover
[0.389s] Level 1:colcon.colcon_core.package_discovery:discover_packages(recursive) discover
[0.389s] INFO:colcon.colcon_core.package_discovery:Crawling recursively for packages in '/home/mbot/mbot_ros_labs'
[0.389s] Level 1:colcon.colcon_core.package_identification:_identify(.) by extensions ['ignore', 'ignore_ament_install']
[0.389s] Level 1:colcon.colcon_core.package_identification:_identify(.) by extension 'ignore'
[0.389s] Level 1:colcon.colcon_core.package_identification:_identify(.) by extension 'ignore_ament_install'
[0.389s] Level 1:colcon.colcon_core.package_identification:_identify(.) by extensions ['colcon_pkg']
[0.389s] Level 1:colcon.colcon_core.package_identification:_identify(.) by extension 'colcon_pkg'
[0.389s] Level 1:colcon.colcon_core.package_identification:_identify(.) by extensions ['colcon_meta']
[0.389s] Level 1:colcon.colcon_core.package_identification:_identify(.) by extension 'colcon_meta'
[0.389s] Level 1:colcon.colcon_core.package_identification:_identify(.) by extensions ['ros']
[0.389s] Level 1:colcon.colcon_core.package_identification:_identify(.) by extension 'ros'
[0.462s] Level 1:colcon.colcon_core.package_identification:_identify(.) by extensions ['cmake', 'meson', 'python']
[0.462s] Level 1:colcon.colcon_core.package_identification:_identify(.) by extension 'cmake'
[0.462s] Level 1:colcon.colcon_core.package_identification:_identify(.) by extension 'meson'
[0.462s] Level 1:colcon.colcon_core.package_identification:_identify(.) by extension 'python'
[0.462s] Level 1:colcon.colcon_core.package_identification:_identify(.) by extensions ['python_setup_py']
[0.462s] Level 1:colcon.colcon_core.package_identification:_identify(.) by extension 'python_setup_py'
[0.463s] Level 1:colcon.colcon_core.package_identification:_identify(build) by extensions ['ignore', 'ignore_ament_install']
[0.463s] Level 1:colcon.colcon_core.package_identification:_identify(build) by extension 'ignore'
[0.463s] Level 1:colcon.colcon_core.package_identification:_identify(build) ignored
[0.463s] Level 1:colcon.colcon_core.package_identification:_identify(install) by extensions ['ignore', 'ignore_ament_install']
[0.463s] Level 1:colcon.colcon_core.package_identification:_identify(install) by extension 'ignore'
[0.463s] Level 1:colcon.colcon_core.package_identification:_identify(install) ignored
[0.463s] Level 1:colcon.colcon_core.package_identification:_identify(log) by extensions ['ignore', 'ignore_ament_install']
[0.463s] Level 1:colcon.colcon_core.package_identification:_identify(log) by extension 'ignore'
[0.463s] Level 1:colcon.colcon_core.package_identification:_identify(log) ignored
[0.464s] Level 1:colcon.colcon_core.package_identification:_identify(mbot_labs_ws) by extensions ['ignore', 'ignore_ament_install']
[0.464s] Level 1:colcon.colcon_core.package_identification:_identify(mbot_labs_ws) by extension 'ignore'
[0.464s] Level 1:colcon.colcon_core.package_identification:_identify(mbot_labs_ws) by extension 'ignore_ament_install'
[0.464s] Level 1:colcon.colcon_core.package_identification:_identify(mbot_labs_ws) by extensions ['colcon_pkg']
[0.464s] Level 1:colcon.colcon_core.package_identification:_identify(mbot_labs_ws) by extension 'colcon_pkg'
[0.464s] Level 1:colcon.colcon_core.package_identification:_identify(mbot_labs_ws) by extensions ['colcon_meta']
[0.464s] Level 1:colcon.colcon_core.package_identification:_identify(mbot_labs_ws) by extension 'colcon_meta'
[0.464s] Level 1:colcon.colcon_core.package_identification:_identify(mbot_labs_ws) by extensions ['ros']
[0.464s] Level 1:colcon.colcon_core.package_identification:_identify(mbot_labs_ws) by extension 'ros'
[0.464s] Level 1:colcon.colcon_core.package_identification:_identify(mbot_labs_ws) by extensions ['cmake', 'meson', 'python']
[0.464s] Level 1:colcon.colcon_core.package_identification:_identify(mbot_labs_ws) by extension 'cmake'
[0.464s] Level 1:colcon.colcon_core.package_identification:_identify(mbot_labs_ws) by extension 'meson'
[0.464s] Level 1:colcon.colcon_core.package_identification:_identify(mbot_labs_ws) by extension 'python'
[0.464s] Level 1:colcon.colcon_core.package_identification:_identify(mbot_labs_ws) by extensions ['python_setup_py']
[0.464s] Level 1:colcon.colcon_core.package_identification:_identify(mbot_labs_ws) by extension 'python_setup_py'
[0.464s] Level 1:colcon.colcon_core.package_identification:_identify(mbot_labs_ws/build) by extensions ['ignore', 'ignore_ament_install']
[0.465s] Level 1:colcon.colcon_core.package_identification:_identify(mbot_labs_ws/build) by extension 'ignore'
[0.465s] Level 1:colcon.colcon_core.package_identification:_identify(mbot_labs_ws/build) ignored
[0.465s] Level 1:colcon.colcon_core.package_identification:_identify(mbot_labs_ws/install) by extensions ['ignore', 'ignore_ament_install']
[0.465s] Level 1:colcon.colcon_core.package_identification:_identify(mbot_labs_ws/install) by extension 'ignore'
[0.465s] Level 1:colcon.colcon_core.package_identification:_identify(mbot_labs_ws/install) ignored
[0.465s] Level 1:colcon.colcon_core.package_identification:_identify(mbot_labs_ws/log) by extensions ['ignore', 'ignore_ament_install']
[0.465s] Level 1:colcon.colcon_core.package_identification:_identify(mbot_labs_ws/log) by extension 'ignore'
[0.465s] Level 1:colcon.colcon_core.package_identification:_identify(mbot_labs_ws/log) ignored
[0.465s] Level 1:colcon.colcon_core.package_identification:_identify(mbot_labs_ws/mbot_localization) by extensions ['ignore', 'ignore_ament_install']
[0.465s] Level 1:colcon.colcon_core.package_identification:_identify(mbot_labs_ws/mbot_localization) by extension 'ignore'
[0.466s] Level 1:colcon.colcon_core.package_identification:_identify(mbot_labs_ws/mbot_localization) by extension 'ignore_ament_install'
[0.466s] Level 1:colcon.colcon_core.package_identification:_identify(mbot_labs_ws/mbot_localization) by extensions ['colcon_pkg']
[0.466s] Level 1:colcon.colcon_core.package_identification:_identify(mbot_labs_ws/mbot_localization) by extension 'colcon_pkg'
[0.466s] Level 1:colcon.colcon_core.package_identification:_identify(mbot_labs_ws/mbot_localization) by extensions ['colcon_meta']
[0.466s] Level 1:colcon.colcon_core.package_identification:_identify(mbot_labs_ws/mbot_localization) by extension 'colcon_meta'
[0.466s] Level 1:colcon.colcon_core.package_identification:_identify(mbot_labs_ws/mbot_localization) by extensions ['ros']
[0.466s] Level 1:colcon.colcon_core.package_identification:_identify(mbot_labs_ws/mbot_localization) by extension 'ros'
[0.470s] DEBUG:colcon.colcon_core.package_identification:Package 'mbot_labs_ws/mbot_localization' with type 'ros.ament_cmake' and name 'mbot_localization'
[0.470s] Level 1:colcon.colcon_core.package_identification:_identify(mbot_labs_ws/mbot_mapping) by extensions ['ignore', 'ignore_ament_install']
[0.470s] Level 1:colcon.colcon_core.package_identification:_identify(mbot_labs_ws/mbot_mapping) by extension 'ignore'
[0.470s] Level 1:colcon.colcon_core.package_identification:_identify(mbot_labs_ws/mbot_mapping) by extension 'ignore_ament_install'
[0.470s] Level 1:colcon.colcon_core.package_identification:_identify(mbot_labs_ws/mbot_mapping) by extensions ['colcon_pkg']
[0.470s] Level 1:colcon.colcon_core.package_identification:_identify(mbot_labs_ws/mbot_mapping) by extension 'colcon_pkg'
[0.470s] Level 1:colcon.colcon_core.package_identification:_identify(mbot_labs_ws/mbot_mapping) by extensions ['colcon_meta']
[0.470s] Level 1:colcon.colcon_core.package_identification:_identify(mbot_labs_ws/mbot_mapping) by extension 'colcon_meta'
[0.470s] Level 1:colcon.colcon_core.package_identification:_identify(mbot_labs_ws/mbot_mapping) by extensions ['ros']
[0.470s] Level 1:colcon.colcon_core.package_identification:_identify(mbot_labs_ws/mbot_mapping) by extension 'ros'
[0.472s] DEBUG:colcon.colcon_core.package_identification:Package 'mbot_labs_ws/mbot_mapping' with type 'ros.ament_cmake' and name 'mbot_mapping'
[0.472s] Level 1:colcon.colcon_core.package_identification:_identify(mbot_labs_ws/mbot_nav) by extensions ['ignore', 'ignore_ament_install']
[0.472s] Level 1:colcon.colcon_core.package_identification:_identify(mbot_labs_ws/mbot_nav) by extension 'ignore'
[0.472s] Level 1:colcon.colcon_core.package_identification:_identify(mbot_labs_ws/mbot_nav) by extension 'ignore_ament_install'
[0.472s] Level 1:colcon.colcon_core.package_identification:_identify(mbot_labs_ws/mbot_nav) by extensions ['colcon_pkg']
[0.472s] Level 1:colcon.colcon_core.package_identification:_identify(mbot_labs_ws/mbot_nav) by extension 'colcon_pkg'
[0.472s] Level 1:colcon.colcon_core.package_identification:_identify(mbot_labs_ws/mbot_nav) by extensions ['colcon_meta']
[0.472s] Level 1:colcon.colcon_core.package_identification:_identify(mbot_labs_ws/mbot_nav) by extension 'colcon_meta'
[0.472s] Level 1:colcon.colcon_core.package_identification:_identify(mbot_labs_ws/mbot_nav) by extensions ['ros']
[0.472s] Level 1:colcon.colcon_core.package_identification:_identify(mbot_labs_ws/mbot_nav) by extension 'ros'
[0.473s] DEBUG:colcon.colcon_core.package_identification:Package 'mbot_labs_ws/mbot_nav' with type 'ros.ament_cmake' and name 'mbot_nav'
[0.473s] Level 1:colcon.colcon_core.package_identification:_identify(mbot_labs_ws/mbot_rosbags) by extensions ['ignore', 'ignore_ament_install']
[0.473s] Level 1:colcon.colcon_core.package_identification:_identify(mbot_labs_ws/mbot_rosbags) by extension 'ignore'
[0.473s] Level 1:colcon.colcon_core.package_identification:_identify(mbot_labs_ws/mbot_rosbags) by extension 'ignore_ament_install'
[0.473s] Level 1:colcon.colcon_core.package_identification:_identify(mbot_labs_ws/mbot_rosbags) by extensions ['colcon_pkg']
[0.473s] Level 1:colcon.colcon_core.package_identification:_identify(mbot_labs_ws/mbot_rosbags) by extension 'colcon_pkg'
[0.473s] Level 1:colcon.colcon_core.package_identification:_identify(mbot_labs_ws/mbot_rosbags) by extensions ['colcon_meta']
[0.473s] Level 1:colcon.colcon_core.package_identification:_identify(mbot_labs_ws/mbot_rosbags) by extension 'colcon_meta'
[0.474s] Level 1:colcon.colcon_core.package_identification:_identify(mbot_labs_ws/mbot_rosbags) by extensions ['ros']
[0.474s] Level 1:colcon.colcon_core.package_identification:_identify(mbot_labs_ws/mbot_rosbags) by extension 'ros'
[0.474s] Level 1:colcon.colcon_core.package_identification:_identify(mbot_labs_ws/mbot_rosbags) by extensions ['cmake', 'meson', 'python']
[0.474s] Level 1:colcon.colcon_core.package_identification:_identify(mbot_labs_ws/mbot_rosbags) by extension 'cmake'
[0.474s] Level 1:colcon.colcon_core.package_identification:_identify(mbot_labs_ws/mbot_rosbags) by extension 'meson'
[0.474s] Level 1:colcon.colcon_core.package_identification:_identify(mbot_labs_ws/mbot_rosbags) by extension 'python'
[0.474s] Level 1:colcon.colcon_core.package_identification:_identify(mbot_labs_ws/mbot_rosbags) by extensions ['python_setup_py']
[0.474s] Level 1:colcon.colcon_core.package_identification:_identify(mbot_labs_ws/mbot_rosbags) by extension 'python_setup_py'
[0.474s] Level 1:colcon.colcon_core.package_identification:_identify(mbot_labs_ws/mbot_rosbags/maze1) by extensions ['ignore', 'ignore_ament_install']
[0.474s] Level 1:colcon.colcon_core.package_identification:_identify(mbot_labs_ws/mbot_rosbags/maze1) by extension 'ignore'
[0.474s] Level 1:colcon.colcon_core.package_identification:_identify(mbot_labs_ws/mbot_rosbags/maze1) by extension 'ignore_ament_install'
[0.474s] Level 1:colcon.colcon_core.package_identification:_identify(mbot_labs_ws/mbot_rosbags/maze1) by extensions ['colcon_pkg']
[0.474s] Level 1:colcon.colcon_core.package_identification:_identify(mbot_labs_ws/mbot_rosbags/maze1) by extension 'colcon_pkg'
[0.475s] Level 1:colcon.colcon_core.package_identification:_identify(mbot_labs_ws/mbot_rosbags/maze1) by extensions ['colcon_meta']
[0.475s] Level 1:colcon.colcon_core.package_identification:_identify(mbot_labs_ws/mbot_rosbags/maze1) by extension 'colcon_meta'
[0.475s] Level 1:colcon.colcon_core.package_identification:_identify(mbot_labs_ws/mbot_rosbags/maze1) by extensions ['ros']
[0.475s] Level 1:colcon.colcon_core.package_identification:_identify(mbot_labs_ws/mbot_rosbags/maze1) by extension 'ros'
[0.475s] Level 1:colcon.colcon_core.package_identification:_identify(mbot_labs_ws/mbot_rosbags/maze1) by extensions ['cmake', 'meson', 'python']
[0.475s] Level 1:colcon.colcon_core.package_identification:_identify(mbot_labs_ws/mbot_rosbags/maze1) by extension 'cmake'
[0.475s] Level 1:colcon.colcon_core.package_identification:_identify(mbot_labs_ws/mbot_rosbags/maze1) by extension 'meson'
[0.475s] Level 1:colcon.colcon_core.package_identification:_identify(mbot_labs_ws/mbot_rosbags/maze1) by extension 'python'
[0.475s] Level 1:colcon.colcon_core.package_identification:_identify(mbot_labs_ws/mbot_rosbags/maze1) by extensions ['python_setup_py']
[0.475s] Level 1:colcon.colcon_core.package_identification:_identify(mbot_labs_ws/mbot_rosbags/maze1) by extension 'python_setup_py'
[0.475s] Level 1:colcon.colcon_core.package_identification:_identify(mbot_labs_ws/mbot_rosbags/slam_test) by extensions ['ignore', 'ignore_ament_install']
[0.475s] Level 1:colcon.colcon_core.package_identification:_identify(mbot_labs_ws/mbot_rosbags/slam_test) by extension 'ignore'
[0.475s] Level 1:colcon.colcon_core.package_identification:_identify(mbot_labs_ws/mbot_rosbags/slam_test) by extension 'ignore_ament_install'
[0.475s] Level 1:colcon.colcon_core.package_identification:_identify(mbot_labs_ws/mbot_rosbags/slam_test) by extensions ['colcon_pkg']
[0.475s] Level 1:colcon.colcon_core.package_identification:_identify(mbot_labs_ws/mbot_rosbags/slam_test) by extension 'colcon_pkg'
[0.476s] Level 1:colcon.colcon_core.package_identification:_identify(mbot_labs_ws/mbot_rosbags/slam_test) by extensions ['colcon_meta']
[0.476s] Level 1:colcon.colcon_core.package_identification:_identify(mbot_labs_ws/mbot_rosbags/slam_test) by extension 'colcon_meta'
[0.476s] Level 1:colcon.colcon_core.package_identification:_identify(mbot_labs_ws/mbot_rosbags/slam_test) by extensions ['ros']
[0.476s] Level 1:colcon.colcon_core.package_identification:_identify(mbot_labs_ws/mbot_rosbags/slam_test) by extension 'ros'
[0.476s] Level 1:colcon.colcon_core.package_identification:_identify(mbot_labs_ws/mbot_rosbags/slam_test) by extensions ['cmake', 'meson', 'python']
[0.476s] Level 1:colcon.colcon_core.package_identification:_identify(mbot_labs_ws/mbot_rosbags/slam_test) by extension 'cmake'
[0.476s] Level 1:colcon.colcon_core.package_identification:_identify(mbot_labs_ws/mbot_rosbags/slam_test) by extension 'meson'
[0.476s] Level 1:colcon.colcon_core.package_identification:_identify(mbot_labs_ws/mbot_rosbags/slam_test) by extension 'python'
[0.476s] Level 1:colcon.colcon_core.package_identification:_identify(mbot_labs_ws/mbot_rosbags/slam_test) by extensions ['python_setup_py']
[0.476s] Level 1:colcon.colcon_core.package_identification:_identify(mbot_labs_ws/mbot_rosbags/slam_test) by extension 'python_setup_py'
[0.476s] Level 1:colcon.colcon_core.package_identification:_identify(mbot_labs_ws/mbot_setpoint) by extensions ['ignore', 'ignore_ament_install']
[0.476s] Level 1:colcon.colcon_core.package_identification:_identify(mbot_labs_ws/mbot_setpoint) by extension 'ignore'
[0.476s] Level 1:colcon.colcon_core.package_identification:_identify(mbot_labs_ws/mbot_setpoint) by extension 'ignore_ament_install'
[0.476s] Level 1:colcon.colcon_core.package_identification:_identify(mbot_labs_ws/mbot_setpoint) by extensions ['colcon_pkg']
[0.476s] Level 1:colcon.colcon_core.package_identification:_identify(mbot_labs_ws/mbot_setpoint) by extension 'colcon_pkg'
[0.476s] Level 1:colcon.colcon_core.package_identification:_identify(mbot_labs_ws/mbot_setpoint) by extensions ['colcon_meta']
[0.476s] Level 1:colcon.colcon_core.package_identification:_identify(mbot_labs_ws/mbot_setpoint) by extension 'colcon_meta'
[0.476s] Level 1:colcon.colcon_core.package_identification:_identify(mbot_labs_ws/mbot_setpoint) by extensions ['ros']
[0.476s] Level 1:colcon.colcon_core.package_identification:_identify(mbot_labs_ws/mbot_setpoint) by extension 'ros'
[0.478s] DEBUG:colcon.colcon_core.package_identification:Package 'mbot_labs_ws/mbot_setpoint' with type 'ros.ament_cmake' and name 'mbot_setpoint'
[0.478s] Level 1:colcon.colcon_core.package_identification:_identify(mbot_labs_ws/mbot_slam) by extensions ['ignore', 'ignore_ament_install']
[0.478s] Level 1:colcon.colcon_core.package_identification:_identify(mbot_labs_ws/mbot_slam) by extension 'ignore'
[0.478s] Level 1:colcon.colcon_core.package_identification:_identify(mbot_labs_ws/mbot_slam) by extension 'ignore_ament_install'
[0.478s] Level 1:colcon.colcon_core.package_identification:_identify(mbot_labs_ws/mbot_slam) by extensions ['colcon_pkg']
[0.478s] Level 1:colcon.colcon_core.package_identification:_identify(mbot_labs_ws/mbot_slam) by extension 'colcon_pkg'
[0.478s] Level 1:colcon.colcon_core.package_identification:_identify(mbot_labs_ws/mbot_slam) by extensions ['colcon_meta']
[0.478s] Level 1:colcon.colcon_core.package_identification:_identify(mbot_labs_ws/mbot_slam) by extension 'colcon_meta'
[0.478s] Level 1:colcon.colcon_core.package_identification:_identify(mbot_labs_ws/mbot_slam) by extensions ['ros']
[0.479s] Level 1:colcon.colcon_core.package_identification:_identify(mbot_labs_ws/mbot_slam) by extension 'ros'
[0.480s] DEBUG:colcon.colcon_core.package_identification:Package 'mbot_labs_ws/mbot_slam' with type 'ros.ament_cmake' and name 'mbot_slam'
[0.480s] Level 1:colcon.colcon_core.package_discovery:discover_packages(recursive) using defaults
[0.480s] Level 1:colcon.colcon_core.package_discovery:discover_packages(ignore) discover
[0.480s] Level 1:colcon.colcon_core.package_discovery:discover_packages(ignore) using defaults
[0.480s] Level 1:colcon.colcon_core.package_discovery:discover_packages(path) discover
[0.480s] Level 1:colcon.colcon_core.package_discovery:discover_packages(path) using defaults
[0.501s] INFO:colcon.colcon_core.package_selection:Skipping not selected package 'mbot_localization' in 'mbot_labs_ws/mbot_localization'
[0.501s] INFO:colcon.colcon_core.package_selection:Skipping not selected package 'mbot_nav' in 'mbot_labs_ws/mbot_nav'
[0.501s] INFO:colcon.colcon_core.package_selection:Skipping not selected package 'mbot_setpoint' in 'mbot_labs_ws/mbot_setpoint'
[0.501s] INFO:colcon.colcon_core.package_selection:Skipping not selected package 'mbot_slam' in 'mbot_labs_ws/mbot_slam'
[0.502s] Level 1:colcon.colcon_core.package_discovery:discover_packages(prefix_path) check parameters
[0.502s] Level 1:colcon.colcon_core.package_discovery:discover_packages(prefix_path) discover
[0.505s] DEBUG:colcon.colcon_installed_package_information.package_discovery:Found 1 installed packages in /home/mbot/mbot_ros_labs/mbot_labs_ws/install
[0.505s] DEBUG:colcon.colcon_installed_package_information.package_discovery:Found 1 installed packages in /home/mbot/mbot_ros_labs/install
[0.506s] DEBUG:colcon.colcon_installed_package_information.package_discovery:Found 5 installed packages in /home/mbot/mbot_ws/install
[0.506s] DEBUG:colcon.colcon_installed_package_information.package_discovery:Found 3 installed packages in /home/mbot/microros_ws/install
[0.509s] DEBUG:colcon.colcon_installed_package_information.package_discovery:Found 369 installed packages in /opt/ros/jazzy
[0.510s] Level 1:colcon.colcon_core.package_discovery:discover_packages(prefix_path) using defaults
[0.599s] Level 5:colcon.colcon_core.verb:set package 'mbot_mapping' build argument 'cmake_args' from command line to 'None'
[0.599s] Level 5:colcon.colcon_core.verb:set package 'mbot_mapping' build argument 'cmake_target' from command line to 'None'
[0.599s] Level 5:colcon.colcon_core.verb:set package 'mbot_mapping' build argument 'cmake_target_skip_unavailable' from command line to 'False'
[0.599s] Level 5:colcon.colcon_core.verb:set package 'mbot_mapping' build argument 'cmake_clean_cache' from command line to 'False'
[0.599s] Level 5:colcon.colcon_core.verb:set package 'mbot_mapping' build argument 'cmake_clean_first' from command line to 'False'
[0.599s] Level 5:colcon.colcon_core.verb:set package 'mbot_mapping' build argument 'cmake_force_configure' from command line to 'False'
[0.599s] Level 5:colcon.colcon_core.verb:set package 'mbot_mapping' build argument 'meson_args' from command line to '[]'
[0.599s] Level 5:colcon.colcon_core.verb:set package 'mbot_mapping' build argument 'ament_cmake_args' from command line to 'None'
[0.599s] Level 5:colcon.colcon_core.verb:set package 'mbot_mapping' build argument 'catkin_cmake_args' from command line to 'None'
[0.599s] Level 5:colcon.colcon_core.verb:set package 'mbot_mapping' build argument 'catkin_skip_building_tests' from command line to 'False'
[0.599s] DEBUG:colcon.colcon_core.verb:Building package 'mbot_mapping' with the following arguments: {'ament_cmake_args': None, 'build_base': '/home/mbot/mbot_ros_labs/build/mbot_mapping', 'catkin_cmake_args': None, 'catkin_skip_building_tests': False, 'cmake_args': None, 'cmake_clean_cache': False, 'cmake_clean_first': False, 'cmake_force_configure': False, 'cmake_target': None, 'cmake_target_skip_unavailable': False, 'install_base': '/home/mbot/mbot_ros_labs/install/mbot_mapping', 'merge_install': False, 'meson_args': [], 'path': '/home/mbot/mbot_ros_labs/mbot_labs_ws/mbot_mapping', 'symlink_install': False, 'test_result_base': None}
[0.600s] INFO:colcon.colcon_core.executor:Executing jobs using 'parallel' executor
[0.601s] DEBUG:colcon.colcon_parallel_executor.executor.parallel:run_until_complete
[0.602s] INFO:colcon.colcon_ros.task.ament_cmake.build:Building ROS package in '/home/mbot/mbot_ros_labs/mbot_labs_ws/mbot_mapping' with build type 'ament_cmake'
[0.602s] INFO:colcon.colcon_cmake.task.cmake.build:Building CMake package in '/home/mbot/mbot_ros_labs/mbot_labs_ws/mbot_mapping'
[0.604s] INFO:colcon.colcon_core.plugin_system:Skipping extension 'colcon_core.shell.bat': Not used on non-Windows systems
[0.605s] INFO:colcon.colcon_core.shell:Skip shell extension 'powershell' for command environment: Not usable outside of PowerShell
[0.605s] DEBUG:colcon.colcon_core.shell:Skip shell extension 'dsv' for command environment
[0.619s] DEBUG:colcon.colcon_core.event_handler.log_command:Invoking command in '/home/mbot/mbot_ros_labs/build/mbot_mapping': CMAKE_PREFIX_PATH=${CMAKE_PREFIX_PATH}:/home/mbot/mbot_ws/install/mbot_vision:/home/mbot/mbot_ws/install/mbot_bringup:/opt/ros/jazzy DEBUGINFOD_URLS=https://debuginfod.ubuntu.com /usr/bin/cmake /home/mbot/mbot_ros_labs/mbot_labs_ws/mbot_mapping -DCMAKE_INSTALL_PREFIX=/home/mbot/mbot_ros_labs/install/mbot_mapping
[3.167s] DEBUG:colcon.colcon_core.event_handler.log_command:Invoked command in '/home/mbot/mbot_ros_labs/build/mbot_mapping' returned '0': CMAKE_PREFIX_PATH=${CMAKE_PREFIX_PATH}:/home/mbot/mbot_ws/install/mbot_vision:/home/mbot/mbot_ws/install/mbot_bringup:/opt/ros/jazzy DEBUGINFOD_URLS=https://debuginfod.ubuntu.com /usr/bin/cmake /home/mbot/mbot_ros_labs/mbot_labs_ws/mbot_mapping -DCMAKE_INSTALL_PREFIX=/home/mbot/mbot_ros_labs/install/mbot_mapping
[3.168s] DEBUG:colcon.colcon_core.event_handler.log_command:Invoking command in '/home/mbot/mbot_ros_labs/build/mbot_mapping': CMAKE_PREFIX_PATH=${CMAKE_PREFIX_PATH}:/home/mbot/mbot_ws/install/mbot_vision:/home/mbot/mbot_ws/install/mbot_bringup:/opt/ros/jazzy DEBUGINFOD_URLS=https://debuginfod.ubuntu.com /usr/bin/cmake --build /home/mbot/mbot_ros_labs/build/mbot_mapping -- -j4 -l4
[16.451s] DEBUG:colcon.colcon_core.event_handler.log_command:Invoked command in '/home/mbot/mbot_ros_labs/build/mbot_mapping' returned '2': CMAKE_PREFIX_PATH=${CMAKE_PREFIX_PATH}:/home/mbot/mbot_ws/install/mbot_vision:/home/mbot/mbot_ws/install/mbot_bringup:/opt/ros/jazzy DEBUGINFOD_URLS=https://debuginfod.ubuntu.com /usr/bin/cmake --build /home/mbot/mbot_ros_labs/build/mbot_mapping -- -j4 -l4
[16.451s] Level 1:colcon.colcon_core.environment:create_environment_scripts_only(mbot_mapping)
[16.455s] Level 1:colcon.colcon_core.environment:checking '/home/mbot/mbot_ros_labs/install/mbot_mapping' for CMake module files
[16.455s] Level 1:colcon.colcon_core.environment:checking '/home/mbot/mbot_ros_labs/install/mbot_mapping' for CMake config files
[16.456s] Level 1:colcon.colcon_core.environment:checking '/home/mbot/mbot_ros_labs/install/mbot_mapping/bin'
[16.456s] Level 1:colcon.colcon_core.environment:checking '/home/mbot/mbot_ros_labs/install/mbot_mapping/lib/pkgconfig/mbot_mapping.pc'
[16.456s] Level 1:colcon.colcon_core.environment:checking '/home/mbot/mbot_ros_labs/install/mbot_mapping/lib/python3.12/site-packages'
[16.456s] Level 1:colcon.colcon_core.environment:checking '/home/mbot/mbot_ros_labs/install/mbot_mapping/bin'
[16.457s] INFO:colcon.colcon_core.shell:Creating package script '/home/mbot/mbot_ros_labs/install/mbot_mapping/share/mbot_mapping/package.ps1'
[16.458s] INFO:colcon.colcon_core.shell:Creating package descriptor '/home/mbot/mbot_ros_labs/install/mbot_mapping/share/mbot_mapping/package.dsv'
[16.459s] INFO:colcon.colcon_core.shell:Creating package script '/home/mbot/mbot_ros_labs/install/mbot_mapping/share/mbot_mapping/package.sh'
[16.460s] INFO:colcon.colcon_core.shell:Creating package script '/home/mbot/mbot_ros_labs/install/mbot_mapping/share/mbot_mapping/package.bash'
[16.461s] INFO:colcon.colcon_core.shell:Creating package script '/home/mbot/mbot_ros_labs/install/mbot_mapping/share/mbot_mapping/package.zsh'
[16.462s] Level 1:colcon.colcon_core.environment:create_file_with_runtime_dependencies(/home/mbot/mbot_ros_labs/install/mbot_mapping/share/colcon-core/packages/mbot_mapping)
[16.472s] DEBUG:colcon.colcon_parallel_executor.executor.parallel:closing loop
[16.473s] DEBUG:colcon.colcon_parallel_executor.executor.parallel:loop closed
[16.473s] DEBUG:colcon.colcon_parallel_executor.executor.parallel:run_until_complete finished with '2'
[16.473s] DEBUG:colcon.colcon_core.event_reactor:joining thread
[16.483s] INFO:colcon.colcon_core.plugin_system:Skipping extension 'colcon_notification.desktop_notification.terminal_notifier': Not used on non-Darwin systems
[16.483s] INFO:colcon.colcon_core.plugin_system:Skipping extension 'colcon_notification.desktop_notification.win32': Not used on non-Windows systems
[16.483s] INFO:colcon.colcon_notification.desktop_notification:Sending desktop notification using 'notify2'
[16.485s] DEBUG:colcon.colcon_notification.desktop_notification.notify2:Failed to initialize notify2: org.freedesktop.DBus.Error.ServiceUnknown: The name org.freedesktop.Notifications was not provided by any .service files
[16.485s] DEBUG:colcon.colcon_core.event_reactor:joined thread
[16.485s] INFO:colcon.colcon_core.shell:Creating prefix script '/home/mbot/mbot_ros_labs/install/local_setup.ps1'
[16.487s] INFO:colcon.colcon_core.shell:Creating prefix util module '/home/mbot/mbot_ros_labs/install/_local_setup_util_ps1.py'
[16.489s] INFO:colcon.colcon_core.shell:Creating prefix chain script '/home/mbot/mbot_ros_labs/install/setup.ps1'
[16.492s] INFO:colcon.colcon_core.shell:Creating prefix script '/home/mbot/mbot_ros_labs/install/local_setup.sh'
[16.493s] INFO:colcon.colcon_core.shell:Creating prefix util module '/home/mbot/mbot_ros_labs/install/_local_setup_util_sh.py'
[16.494s] INFO:colcon.colcon_core.shell:Creating prefix chain script '/home/mbot/mbot_ros_labs/install/setup.sh'
[16.497s] INFO:colcon.colcon_core.shell:Creating prefix script '/home/mbot/mbot_ros_labs/install/local_setup.bash'
[16.498s] INFO:colcon.colcon_core.shell:Creating prefix chain script '/home/mbot/mbot_ros_labs/install/setup.bash'
[16.501s] INFO:colcon.colcon_core.shell:Creating prefix script '/home/mbot/mbot_ros_labs/install/local_setup.zsh'
[16.503s] INFO:colcon.colcon_core.shell:Creating prefix chain script '/home/mbot/mbot_ros_labs/install/setup.zsh'
