-- The C compiler identification is GNU 13.3.0
-- The CXX compiler identification is GNU 13.3.0
-- Detecting C compiler ABI info
-- Detecting C compiler ABI info - done
-- Check for working C compiler: /usr/bin/cc - skipped
-- Detecting C compile features
-- Detecting C compile features - done
-- Detecting CXX compiler ABI info
-- Detecting CXX compiler ABI info - done
-- Check for working CXX compiler: /usr/bin/c++ - skipped
-- Detecting CXX compile features
-- Detecting CXX compile features - done
-- Found ament_cmake: 2.5.4 (/opt/ros/jazzy/share/ament_cmake/cmake)
-- Found Python3: /usr/bin/python3 (found version "3.12.3") found components: Interpreter 
-- Found rclcpp: 28.1.10 (/opt/ros/jazzy/share/rclcpp/cmake)
-- Found rosidl_generator_c: 4.6.5 (/opt/ros/jazzy/share/rosidl_generator_c/cmake)
-- Found rosidl_generator_cpp: 4.6.5 (/opt/ros/jazzy/share/rosidl_generator_cpp/cmake)
-- Using all available rosidl_typesupport_c: rosidl_typesupport_fastrtps_c;rosidl_typesupport_introspection_c
-- Using all available rosidl_typesupport_cpp: rosidl_typesupport_fastrtps_cpp;rosidl_typesupport_introspection_cpp
-- Found rmw_implementation_cmake: 7.3.2 (/opt/ros/jazzy/share/rmw_implementation_cmake/cmake)
-- Found rmw_fastrtps_cpp: 8.4.2 (/opt/ros/jazzy/share/rmw_fastrtps_cpp/cmake)
-- Found OpenSSL: /usr/lib/aarch64-linux-gnu/libcrypto.so (found version "3.0.13")  
-- Found FastRTPS: /opt/ros/jazzy/include (Required is at least version "2.13") 
-- Using RMW implementation 'rmw_fastrtps_cpp' as default
-- Found geometry_msgs: 5.3.6 (/opt/ros/jazzy/share/geometry_msgs/cmake)
-- Found visualization_msgs: 5.3.6 (/opt/ros/jazzy/share/visualization_msgs/cmake)
-- Found nav_msgs: 5.3.6 (/opt/ros/jazzy/share/nav_msgs/cmake)
-- Found tf2: 0.36.12 (/opt/ros/jazzy/share/tf2/cmake)
-- Found tf2_msgs: 0.36.12 (/opt/ros/jazzy/share/tf2_msgs/cmake)
-- Found tf2_geometry_msgs: 0.36.12 (/opt/ros/jazzy/share/tf2_geometry_msgs/cmake)
-- Found eigen3_cmake_module: 0.3.0 (/opt/ros/jazzy/share/eigen3_cmake_module/cmake)
-- Found Eigen3: TRUE (found version "3.4.0") 
-- Ensuring Eigen3 include directory is part of orocos-kdl CMake target
-- Found mbot_interfaces: 0.0.0 (/home/mbot/mbot_ws/install/mbot_interfaces/share/mbot_interfaces/cmake)
-- Configuring done (2.5s)
-- Generating done (0.0s)
-- Build files have been written to: /home/mbot/mbot_ros_labs/mbot_labs_ws/build/mbot_setpoint
[ 50%] [32mBuilding CXX object CMakeFiles/square_publisher.dir/src/square_publisher.cpp.o[0m
[ 50%] [32mBuilding CXX object CMakeFiles/odom.dir/src/odom.cpp.o[0m
[ 50%] [32mBuilding CXX object CMakeFiles/motion_controller_diff.dir/src/motion_controller_diff.cpp.o[0m
[ 66%] [32m[1mLinking CXX executable square_publisher[0m
[ 66%] Built target square_publisher
[ 83%] [32m[1mLinking CXX executable odom[0m
[ 83%] Built target odom
[100%] [32m[1mLinking CXX executable motion_controller_diff[0m
[100%] Built target motion_controller_diff
-- Install configuration: ""
-- Installing: /home/mbot/mbot_ros_labs/mbot_labs_ws/install/mbot_setpoint/lib/mbot_setpoint/motion_controller_diff
-- Set non-toolchain portion of runtime path of "/home/mbot/mbot_ros_labs/mbot_labs_ws/install/mbot_setpoint/lib/mbot_setpoint/motion_controller_diff" to ""
-- Installing: /home/mbot/mbot_ros_labs/mbot_labs_ws/install/mbot_setpoint/lib/mbot_setpoint/square_publisher
-- Set non-toolchain portion of runtime path of "/home/mbot/mbot_ros_labs/mbot_labs_ws/install/mbot_setpoint/lib/mbot_setpoint/square_publisher" to ""
-- Installing: /home/mbot/mbot_ros_labs/mbot_labs_ws/install/mbot_setpoint/lib/mbot_setpoint/odom
-- Set non-toolchain portion of runtime path of "/home/mbot/mbot_ros_labs/mbot_labs_ws/install/mbot_setpoint/lib/mbot_setpoint/odom" to ""
-- Installing: /home/mbot/mbot_ros_labs/mbot_labs_ws/install/mbot_setpoint/share/ament_index/resource_index/package_run_dependencies/mbot_setpoint
-- Installing: /home/mbot/mbot_ros_labs/mbot_labs_ws/install/mbot_setpoint/share/ament_index/resource_index/parent_prefix_path/mbot_setpoint
-- Installing: /home/mbot/mbot_ros_labs/mbot_labs_ws/install/mbot_setpoint/share/mbot_setpoint/environment/ament_prefix_path.sh
-- Installing: /home/mbot/mbot_ros_labs/mbot_labs_ws/install/mbot_setpoint/share/mbot_setpoint/environment/ament_prefix_path.dsv
-- Installing: /home/mbot/mbot_ros_labs/mbot_labs_ws/install/mbot_setpoint/share/mbot_setpoint/environment/path.sh
-- Installing: /home/mbot/mbot_ros_labs/mbot_labs_ws/install/mbot_setpoint/share/mbot_setpoint/environment/path.dsv
-- Installing: /home/mbot/mbot_ros_labs/mbot_labs_ws/install/mbot_setpoint/share/mbot_setpoint/local_setup.bash
-- Installing: /home/mbot/mbot_ros_labs/mbot_labs_ws/install/mbot_setpoint/share/mbot_setpoint/local_setup.sh
-- Installing: /home/mbot/mbot_ros_labs/mbot_labs_ws/install/mbot_setpoint/share/mbot_setpoint/local_setup.zsh
-- Installing: /home/mbot/mbot_ros_labs/mbot_labs_ws/install/mbot_setpoint/share/mbot_setpoint/local_setup.dsv
-- Installing: /home/mbot/mbot_ros_labs/mbot_labs_ws/install/mbot_setpoint/share/mbot_setpoint/package.dsv
-- Installing: /home/mbot/mbot_ros_labs/mbot_labs_ws/install/mbot_setpoint/share/ament_index/resource_index/packages/mbot_setpoint
-- Installing: /home/mbot/mbot_ros_labs/mbot_labs_ws/install/mbot_setpoint/share/mbot_setpoint/cmake/mbot_setpointConfig.cmake
-- Installing: /home/mbot/mbot_ros_labs/mbot_labs_ws/install/mbot_setpoint/share/mbot_setpoint/cmake/mbot_setpointConfig-version.cmake
-- Installing: /home/mbot/mbot_ros_labs/mbot_labs_ws/install/mbot_setpoint/share/mbot_setpoint/package.xml
