[0.015s] Invoking command in '/home/mbot/mbot_ros_labs/mbot_labs_ws/build/mbot_setpoint': CMAKE_PREFIX_PATH=${CMAKE_PREFIX_PATH}:/home/mbot/mbot_ws/install/mbot_vision:/home/mbot/mbot_ws/install/mbot_bringup:/opt/ros/jazzy DEBUGINFOD_URLS=https://debuginfod.ubuntu.com /usr/bin/cmake /home/mbot/mbot_ros_labs/mbot_labs_ws/mbot_setpoint -DCMAKE_INSTALL_PREFIX=/home/mbot/mbot_ros_labs/mbot_labs_ws/install/mbot_setpoint
[0.129s] -- The C compiler identification is GNU 13.3.0
[0.237s] -- The CXX compiler identification is GNU 13.3.0
[0.267s] -- Detecting C compiler ABI info
[0.447s] -- Detecting C compiler ABI info - done
[0.462s] -- Check for working C compiler: /usr/bin/cc - skipped
[0.463s] -- Detecting C compile features
[0.463s] -- Detecting C compile features - done
[0.479s] -- Detecting CXX compiler ABI info
[0.674s] -- Detecting CXX compiler ABI info - done
[0.690s] -- Check for working CXX compiler: /usr/bin/c++ - skipped
[0.691s] -- Detecting CXX compile features
[0.692s] -- Detecting CXX compile features - done
[0.699s] -- Found ament_cmake: 2.5.4 (/opt/ros/jazzy/share/ament_cmake/cmake)
[0.965s] -- Found Python3: /usr/bin/python3 (found version "3.12.3") found components: Interpreter 
[1.192s] -- Found rclcpp: 28.1.10 (/opt/ros/jazzy/share/rclcpp/cmake)
[1.285s] -- Found rosidl_generator_c: 4.6.5 (/opt/ros/jazzy/share/rosidl_generator_c/cmake)
[1.317s] -- Found rosidl_generator_cpp: 4.6.5 (/opt/ros/jazzy/share/rosidl_generator_cpp/cmake)
[1.352s] -- Using all available rosidl_typesupport_c: rosidl_typesupport_fastrtps_c;rosidl_typesupport_introspection_c
[1.390s] -- Using all available rosidl_typesupport_cpp: rosidl_typesupport_fastrtps_cpp;rosidl_typesupport_introspection_cpp
[1.533s] -- Found rmw_implementation_cmake: 7.3.2 (/opt/ros/jazzy/share/rmw_implementation_cmake/cmake)
[1.542s] -- Found rmw_fastrtps_cpp: 8.4.2 (/opt/ros/jazzy/share/rmw_fastrtps_cpp/cmake)
[1.720s] -- Found OpenSSL: /usr/lib/aarch64-linux-gnu/libcrypto.so (found version "3.0.13")  
[1.753s] -- Found FastRTPS: /opt/ros/jazzy/include (Required is at least version "2.13") 
[1.792s] -- Using RMW implementation 'rmw_fastrtps_cpp' as default
[1.920s] -- Found geometry_msgs: 5.3.6 (/opt/ros/jazzy/share/geometry_msgs/cmake)
[1.971s] -- Found visualization_msgs: 5.3.6 (/opt/ros/jazzy/share/visualization_msgs/cmake)
[2.049s] -- Found nav_msgs: 5.3.6 (/opt/ros/jazzy/share/nav_msgs/cmake)
[2.089s] -- Found tf2: 0.36.12 (/opt/ros/jazzy/share/tf2/cmake)
[2.099s] -- Found tf2_msgs: 0.36.12 (/opt/ros/jazzy/share/tf2_msgs/cmake)
[2.186s] -- Found tf2_geometry_msgs: 0.36.12 (/opt/ros/jazzy/share/tf2_geometry_msgs/cmake)
[2.223s] -- Found eigen3_cmake_module: 0.3.0 (/opt/ros/jazzy/share/eigen3_cmake_module/cmake)
[2.225s] -- Found Eigen3: TRUE (found version "3.4.0") 
[2.225s] -- Ensuring Eigen3 include directory is part of orocos-kdl CMake target
[2.352s] -- Found mbot_interfaces: 0.0.0 (/home/mbot/mbot_ws/install/mbot_interfaces/share/mbot_interfaces/cmake)
[2.560s] -- Configuring done (2.5s)
[2.600s] -- Generating done (0.0s)
[2.612s] -- Build files have been written to: /home/mbot/mbot_ros_labs/mbot_labs_ws/build/mbot_setpoint
[2.634s] Invoked command in '/home/mbot/mbot_ros_labs/mbot_labs_ws/build/mbot_setpoint' returned '0': CMAKE_PREFIX_PATH=${CMAKE_PREFIX_PATH}:/home/mbot/mbot_ws/install/mbot_vision:/home/mbot/mbot_ws/install/mbot_bringup:/opt/ros/jazzy DEBUGINFOD_URLS=https://debuginfod.ubuntu.com /usr/bin/cmake /home/mbot/mbot_ros_labs/mbot_labs_ws/mbot_setpoint -DCMAKE_INSTALL_PREFIX=/home/mbot/mbot_ros_labs/mbot_labs_ws/install/mbot_setpoint
[2.637s] Invoking command in '/home/mbot/mbot_ros_labs/mbot_labs_ws/build/mbot_setpoint': CMAKE_PREFIX_PATH=${CMAKE_PREFIX_PATH}:/home/mbot/mbot_ws/install/mbot_vision:/home/mbot/mbot_ws/install/mbot_bringup:/opt/ros/jazzy DEBUGINFOD_URLS=https://debuginfod.ubuntu.com /usr/bin/cmake --build /home/mbot/mbot_ros_labs/mbot_labs_ws/build/mbot_setpoint -- -j4 -l4
[2.748s] [ 50%] [32mBuilding CXX object CMakeFiles/square_publisher.dir/src/square_publisher.cpp.o[0m
[2.748s] [ 50%] [32mBuilding CXX object CMakeFiles/odom.dir/src/odom.cpp.o[0m
[2.748s] [ 50%] [32mBuilding CXX object CMakeFiles/motion_controller_diff.dir/src/motion_controller_diff.cpp.o[0m
[11.606s] [ 66%] [32m[1mLinking CXX executable square_publisher[0m
[12.104s] [ 66%] Built target square_publisher
[18.918s] [ 83%] [32m[1mLinking CXX executable odom[0m
[20.090s] [ 83%] Built target odom
[24.165s] [100%] [32m[1mLinking CXX executable motion_controller_diff[0m
[25.527s] [100%] Built target motion_controller_diff
[25.552s] Invoked command in '/home/mbot/mbot_ros_labs/mbot_labs_ws/build/mbot_setpoint' returned '0': CMAKE_PREFIX_PATH=${CMAKE_PREFIX_PATH}:/home/mbot/mbot_ws/install/mbot_vision:/home/mbot/mbot_ws/install/mbot_bringup:/opt/ros/jazzy DEBUGINFOD_URLS=https://debuginfod.ubuntu.com /usr/bin/cmake --build /home/mbot/mbot_ros_labs/mbot_labs_ws/build/mbot_setpoint -- -j4 -l4
[25.573s] Invoking command in '/home/mbot/mbot_ros_labs/mbot_labs_ws/build/mbot_setpoint': CMAKE_PREFIX_PATH=${CMAKE_PREFIX_PATH}:/home/mbot/mbot_ws/install/mbot_vision:/home/mbot/mbot_ws/install/mbot_bringup:/opt/ros/jazzy DEBUGINFOD_URLS=https://debuginfod.ubuntu.com /usr/bin/cmake --install /home/mbot/mbot_ros_labs/mbot_labs_ws/build/mbot_setpoint
[25.590s] -- Install configuration: ""
[25.590s] -- Installing: /home/mbot/mbot_ros_labs/mbot_labs_ws/install/mbot_setpoint/lib/mbot_setpoint/motion_controller_diff
[25.606s] -- Set non-toolchain portion of runtime path of "/home/mbot/mbot_ros_labs/mbot_labs_ws/install/mbot_setpoint/lib/mbot_setpoint/motion_controller_diff" to ""
[25.606s] -- Installing: /home/mbot/mbot_ros_labs/mbot_labs_ws/install/mbot_setpoint/lib/mbot_setpoint/square_publisher
[25.608s] -- Set non-toolchain portion of runtime path of "/home/mbot/mbot_ros_labs/mbot_labs_ws/install/mbot_setpoint/lib/mbot_setpoint/square_publisher" to ""
[25.608s] -- Installing: /home/mbot/mbot_ros_labs/mbot_labs_ws/install/mbot_setpoint/lib/mbot_setpoint/odom
[25.619s] -- Set non-toolchain portion of runtime path of "/home/mbot/mbot_ros_labs/mbot_labs_ws/install/mbot_setpoint/lib/mbot_setpoint/odom" to ""
[25.619s] -- Installing: /home/mbot/mbot_ros_labs/mbot_labs_ws/install/mbot_setpoint/share/ament_index/resource_index/package_run_dependencies/mbot_setpoint
[25.619s] -- Installing: /home/mbot/mbot_ros_labs/mbot_labs_ws/install/mbot_setpoint/share/ament_index/resource_index/parent_prefix_path/mbot_setpoint
[25.619s] -- Installing: /home/mbot/mbot_ros_labs/mbot_labs_ws/install/mbot_setpoint/share/mbot_setpoint/environment/ament_prefix_path.sh
[25.620s] -- Installing: /home/mbot/mbot_ros_labs/mbot_labs_ws/install/mbot_setpoint/share/mbot_setpoint/environment/ament_prefix_path.dsv
[25.620s] -- Installing: /home/mbot/mbot_ros_labs/mbot_labs_ws/install/mbot_setpoint/share/mbot_setpoint/environment/path.sh
[25.620s] -- Installing: /home/mbot/mbot_ros_labs/mbot_labs_ws/install/mbot_setpoint/share/mbot_setpoint/environment/path.dsv
[25.620s] -- Installing: /home/mbot/mbot_ros_labs/mbot_labs_ws/install/mbot_setpoint/share/mbot_setpoint/local_setup.bash
[25.620s] -- Installing: /home/mbot/mbot_ros_labs/mbot_labs_ws/install/mbot_setpoint/share/mbot_setpoint/local_setup.sh
[25.620s] -- Installing: /home/mbot/mbot_ros_labs/mbot_labs_ws/install/mbot_setpoint/share/mbot_setpoint/local_setup.zsh
[25.621s] -- Installing: /home/mbot/mbot_ros_labs/mbot_labs_ws/install/mbot_setpoint/share/mbot_setpoint/local_setup.dsv
[25.621s] -- Installing: /home/mbot/mbot_ros_labs/mbot_labs_ws/install/mbot_setpoint/share/mbot_setpoint/package.dsv
[25.621s] -- Installing: /home/mbot/mbot_ros_labs/mbot_labs_ws/install/mbot_setpoint/share/ament_index/resource_index/packages/mbot_setpoint
[25.621s] -- Installing: /home/mbot/mbot_ros_labs/mbot_labs_ws/install/mbot_setpoint/share/mbot_setpoint/cmake/mbot_setpointConfig.cmake
[25.621s] -- Installing: /home/mbot/mbot_ros_labs/mbot_labs_ws/install/mbot_setpoint/share/mbot_setpoint/cmake/mbot_setpointConfig-version.cmake
[25.622s] -- Installing: /home/mbot/mbot_ros_labs/mbot_labs_ws/install/mbot_setpoint/share/mbot_setpoint/package.xml
[25.625s] Invoked command in '/home/mbot/mbot_ros_labs/mbot_labs_ws/build/mbot_setpoint' returned '0': CMAKE_PREFIX_PATH=${CMAKE_PREFIX_PATH}:/home/mbot/mbot_ws/install/mbot_vision:/home/mbot/mbot_ws/install/mbot_bringup:/opt/ros/jazzy DEBUGINFOD_URLS=https://debuginfod.ubuntu.com /usr/bin/cmake --install /home/mbot/mbot_ros_labs/mbot_labs_ws/build/mbot_setpoint
