[01m[K/home/mbot/mbot_ros_labs/mbot_labs_ws/mbot_setpoint/src/square_publisher.cpp:[m[K In lambda function:
[01m[K/home/mbot/mbot_ros_labs/mbot_labs_ws/mbot_setpoint/src/square_publisher.cpp:30:43:[m[K [01;31m[Kerror: [m[K‘[01m[KEXTRA[m[K’ was not declared in this scope
   30 |                     pose(0.61, -0.61, 0 + [01;31m[KEXTRA[m[K),           //rotate right
      |                                           [01;31m[K^~~~~[m[K
[01m[K/home/mbot/mbot_ros_labs/mbot_labs_ws/mbot_setpoint/src/square_publisher.cpp:53:17:[m[K [01;31m[Kerror: [m[Kno match for ‘[01m[Koperator=[m[K’ (operand types are ‘[01m[Kmbot_interfaces::msg::Pose2DArray_<std::allocator<void> >::_poses_type[m[K’ {aka ‘[01m[Kstd::vector<geometry_msgs::msg::Pose2D_<std::allocator<void> >, std::allocator<geometry_msgs::msg::Pose2D_<std::allocator<void> > > >[m[K’} and ‘[01m[K<brace-enclosed initializer list>[m[K’)
   53 |                 [01;31m[K}[m[K;
      |                 [01;31m[K^[m[K
In file included from [01m[K/usr/include/c++/13/vector:72[m[K,
                 from [01m[K/opt/ros/jazzy/include/rclcpp/rclcpp/copy_all_parameter_values.hpp:19[m[K,
                 from [01m[K/opt/ros/jazzy/include/rclcpp/rclcpp/rclcpp.hpp:171[m[K,
                 from [01m[K/home/mbot/mbot_ros_labs/mbot_labs_ws/mbot_setpoint/src/square_publisher.cpp:2[m[K:
[01m[K/usr/include/c++/13/bits/vector.tcc:210:5:[m[K [01;36m[Knote: [m[Kcandidate: ‘[01m[Kstd::vector<_Tp, _Alloc>& std::vector<_Tp, _Alloc>::[01;32m[Koperator=[m[K(const std::vector<_Tp, _Alloc>&) [35m[K[with _Tp = geometry_msgs::msg::Pose2D_<std::allocator<void> >; _Alloc = std::allocator<geometry_msgs::msg::Pose2D_<std::allocator<void> > >][m[K[m[K’
  210 |     [01;36m[Kvector<_Tp, _Alloc>[m[K::
      |     [01;36m[K^~~~~~~~~~~~~~~~~~~[m[K
[01m[K/usr/include/c++/13/bits/vector.tcc:211:42:[m[K [01;36m[Knote: [m[K  no known conversion for argument 1 from ‘[01m[K<brace-enclosed initializer list>[m[K’ to ‘[01m[Kconst std::vector<geometry_msgs::msg::Pose2D_<std::allocator<void> >, std::allocator<geometry_msgs::msg::Pose2D_<std::allocator<void> > > >&[m[K’
  211 |     operator=([01;36m[Kconst vector<_Tp, _Alloc>& __x[m[K)
      |               [01;36m[K~~~~~~~~~~~~~~~~~~~~~~~~~~~^~~[m[K
In file included from [01m[K/usr/include/c++/13/vector:66[m[K:
[01m[K/usr/include/c++/13/bits/stl_vector.h:766:7:[m[K [01;36m[Knote: [m[Kcandidate: ‘[01m[Kstd::vector<_Tp, _Alloc>& std::vector<_Tp, _Alloc>::[01;32m[Koperator=[m[K(std::vector<_Tp, _Alloc>&&) [35m[K[with _Tp = geometry_msgs::msg::Pose2D_<std::allocator<void> >; _Alloc = std::allocator<geometry_msgs::msg::Pose2D_<std::allocator<void> > >][m[K[m[K’
  766 |       [01;36m[Koperator[m[K=(vector&& __x) noexcept(_Alloc_traits::_S_nothrow_move())
      |       [01;36m[K^~~~~~~~[m[K
[01m[K/usr/include/c++/13/bits/stl_vector.h:766:26:[m[K [01;36m[Knote: [m[K  no known conversion for argument 1 from ‘[01m[K<brace-enclosed initializer list>[m[K’ to ‘[01m[Kstd::vector<geometry_msgs::msg::Pose2D_<std::allocator<void> >, std::allocator<geometry_msgs::msg::Pose2D_<std::allocator<void> > > >&&[m[K’
  766 |       operator=([01;36m[Kvector&& __x[m[K) noexcept(_Alloc_traits::_S_nothrow_move())
      |                 [01;36m[K~~~~~~~~~^~~[m[K
[01m[K/usr/include/c++/13/bits/stl_vector.h:788:7:[m[K [01;36m[Knote: [m[Kcandidate: ‘[01m[Kstd::vector<_Tp, _Alloc>& std::vector<_Tp, _Alloc>::[01;32m[Koperator=[m[K(std::initializer_list<_Tp>) [35m[K[with _Tp = geometry_msgs::msg::Pose2D_<std::allocator<void> >; _Alloc = std::allocator<geometry_msgs::msg::Pose2D_<std::allocator<void> > >][m[K[m[K’
  788 |       [01;36m[Koperator[m[K=(initializer_list<value_type> __l)
      |       [01;36m[K^~~~~~~~[m[K
[01m[K/usr/include/c++/13/bits/stl_vector.h:788:46:[m[K [01;36m[Knote: [m[K  no known conversion for argument 1 from ‘[01m[K<brace-enclosed initializer list>[m[K’ to ‘[01m[Kstd::initializer_list<geometry_msgs::msg::Pose2D_<std::allocator<void> > >[m[K’
  788 |       operator=([01;36m[Kinitializer_list<value_type> __l[m[K)
      |                 [01;36m[K~~~~~~~~~~~~~~~~~~~~~~~~~~~~~^~~[m[K
gmake[2]: *** [CMakeFiles/square_publisher.dir/build.make:76: CMakeFiles/square_publisher.dir/src/square_publisher.cpp.o] Error 1
gmake[1]: *** [CMakeFiles/Makefile2:167: CMakeFiles/square_publisher.dir/all] Error 2
gmake[1]: *** Waiting for unfinished jobs....
gmake: *** [Makefile:146: all] Error 2
