-- The C compiler identification is GNU 13.3.0
-- The CXX compiler identification is GNU 13.3.0
-- Detecting C compiler ABI info
-- Detecting C compiler ABI info - done
-- Check for working C compiler: /usr/bin/cc - skipped
-- Detecting C compile features
-- Detecting C compile features - done
-- Detecting CXX compiler ABI info
-- Detecting CXX compiler ABI info - done
-- Check for working CXX compiler: /usr/bin/c++ - skipped
-- Detecting CXX compile features
-- Detecting CXX compile features - done
-- Found ament_cmake: 2.5.4 (/opt/ros/jazzy/share/ament_cmake/cmake)
-- Found Python3: /usr/bin/python3 (found version "3.12.3") found components: Interpreter 
-- Found rclcpp: 28.1.10 (/opt/ros/jazzy/share/rclcpp/cmake)
-- Found rosidl_generator_c: 4.6.5 (/opt/ros/jazzy/share/rosidl_generator_c/cmake)
-- Found rosidl_generator_cpp: 4.6.5 (/opt/ros/jazzy/share/rosidl_generator_cpp/cmake)
-- Using all available rosidl_typesupport_c: rosidl_typesupport_fastrtps_c;rosidl_typesupport_introspection_c
-- Using all available rosidl_typesupport_cpp: rosidl_typesupport_fastrtps_cpp;rosidl_typesupport_introspection_cpp
-- Found rmw_implementation_cmake: 7.3.2 (/opt/ros/jazzy/share/rmw_implementation_cmake/cmake)
-- Found rmw_fastrtps_cpp: 8.4.2 (/opt/ros/jazzy/share/rmw_fastrtps_cpp/cmake)
-- Found OpenSSL: /usr/lib/aarch64-linux-gnu/libcrypto.so (found version "3.0.13")  
-- Found FastRTPS: /opt/ros/jazzy/include (Required is at least version "2.13") 
-- Using RMW implementation 'rmw_fastrtps_cpp' as default
-- Found geometry_msgs: 5.3.6 (/opt/ros/jazzy/share/geometry_msgs/cmake)
-- Found visualization_msgs: 5.3.6 (/opt/ros/jazzy/share/visualization_msgs/cmake)
-- Found nav_msgs: 5.3.6 (/opt/ros/jazzy/share/nav_msgs/cmake)
-- Found tf2: 0.36.12 (/opt/ros/jazzy/share/tf2/cmake)
-- Found tf2_msgs: 0.36.12 (/opt/ros/jazzy/share/tf2_msgs/cmake)
-- Found tf2_geometry_msgs: 0.36.12 (/opt/ros/jazzy/share/tf2_geometry_msgs/cmake)
-- Found eigen3_cmake_module: 0.3.0 (/opt/ros/jazzy/share/eigen3_cmake_module/cmake)
-- Found Eigen3: TRUE (found version "3.4.0") 
-- Ensuring Eigen3 include directory is part of orocos-kdl CMake target
-- Found mbot_interfaces: 0.0.0 (/home/mbot/mbot_ws/install/mbot_interfaces/share/mbot_interfaces/cmake)
-- Configuring done (3.6s)
-- Generating done (0.0s)
-- Build files have been written to: /home/mbot/mbot_ros_labs/build/mbot_setpoint
[ 50%] [32mBuilding CXX object CMakeFiles/odom.dir/src/odom.cpp.o[0m
[ 50%] [32mBuilding CXX object CMakeFiles/motion_controller_diff.dir/src/motion_controller_diff.cpp.o[0m
[ 50%] [32mBuilding CXX object CMakeFiles/square_publisher.dir/src/square_publisher.cpp.o[0m
[01m[K/home/mbot/mbot_ros_labs/mbot_labs_ws/mbot_setpoint/src/square_publisher.cpp:[m[K In lambda function:
[01m[K/home/mbot/mbot_ros_labs/mbot_labs_ws/mbot_setpoint/src/square_publisher.cpp:30:43:[m[K [01;31m[Kerror: [m[K‘[01m[KEXTRA[m[K’ was not declared in this scope
   30 |                     pose(0.61, -0.61, 0 + [01;31m[KEXTRA[m[K),           //rotate right
      |                                           [01;31m[K^~~~~[m[K
[01m[K/home/mbot/mbot_ros_labs/mbot_labs_ws/mbot_setpoint/src/square_publisher.cpp:53:17:[m[K [01;31m[Kerror: [m[Kno match for ‘[01m[Koperator=[m[K’ (operand types are ‘[01m[Kmbot_interfaces::msg::Pose2DArray_<std::allocator<void> >::_poses_type[m[K’ {aka ‘[01m[Kstd::vector<geometry_msgs::msg::Pose2D_<std::allocator<void> >, std::allocator<geometry_msgs::msg::Pose2D_<std::allocator<void> > > >[m[K’} and ‘[01m[K<brace-enclosed initializer list>[m[K’)
   53 |                 [01;31m[K}[m[K;
      |                 [01;31m[K^[m[K
In file included from [01m[K/usr/include/c++/13/vector:72[m[K,
                 from [01m[K/opt/ros/jazzy/include/rclcpp/rclcpp/copy_all_parameter_values.hpp:19[m[K,
                 from [01m[K/opt/ros/jazzy/include/rclcpp/rclcpp/rclcpp.hpp:171[m[K,
                 from [01m[K/home/mbot/mbot_ros_labs/mbot_labs_ws/mbot_setpoint/src/square_publisher.cpp:2[m[K:
[01m[K/usr/include/c++/13/bits/vector.tcc:210:5:[m[K [01;36m[Knote: [m[Kcandidate: ‘[01m[Kstd::vector<_Tp, _Alloc>& std::vector<_Tp, _Alloc>::[01;32m[Koperator=[m[K(const std::vector<_Tp, _Alloc>&) [35m[K[with _Tp = geometry_msgs::msg::Pose2D_<std::allocator<void> >; _Alloc = std::allocator<geometry_msgs::msg::Pose2D_<std::allocator<void> > >][m[K[m[K’
  210 |     [01;36m[Kvector<_Tp, _Alloc>[m[K::
      |     [01;36m[K^~~~~~~~~~~~~~~~~~~[m[K
[01m[K/usr/include/c++/13/bits/vector.tcc:211:42:[m[K [01;36m[Knote: [m[K  no known conversion for argument 1 from ‘[01m[K<brace-enclosed initializer list>[m[K’ to ‘[01m[Kconst std::vector<geometry_msgs::msg::Pose2D_<std::allocator<void> >, std::allocator<geometry_msgs::msg::Pose2D_<std::allocator<void> > > >&[m[K’
  211 |     operator=([01;36m[Kconst vector<_Tp, _Alloc>& __x[m[K)
      |               [01;36m[K~~~~~~~~~~~~~~~~~~~~~~~~~~~^~~[m[K
In file included from [01m[K/usr/include/c++/13/vector:66[m[K:
[01m[K/usr/include/c++/13/bits/stl_vector.h:766:7:[m[K [01;36m[Knote: [m[Kcandidate: ‘[01m[Kstd::vector<_Tp, _Alloc>& std::vector<_Tp, _Alloc>::[01;32m[Koperator=[m[K(std::vector<_Tp, _Alloc>&&) [35m[K[with _Tp = geometry_msgs::msg::Pose2D_<std::allocator<void> >; _Alloc = std::allocator<geometry_msgs::msg::Pose2D_<std::allocator<void> > >][m[K[m[K’
  766 |       [01;36m[Koperator[m[K=(vector&& __x) noexcept(_Alloc_traits::_S_nothrow_move())
      |       [01;36m[K^~~~~~~~[m[K
[01m[K/usr/include/c++/13/bits/stl_vector.h:766:26:[m[K [01;36m[Knote: [m[K  no known conversion for argument 1 from ‘[01m[K<brace-enclosed initializer list>[m[K’ to ‘[01m[Kstd::vector<geometry_msgs::msg::Pose2D_<std::allocator<void> >, std::allocator<geometry_msgs::msg::Pose2D_<std::allocator<void> > > >&&[m[K’
  766 |       operator=([01;36m[Kvector&& __x[m[K) noexcept(_Alloc_traits::_S_nothrow_move())
      |                 [01;36m[K~~~~~~~~~^~~[m[K
[01m[K/usr/include/c++/13/bits/stl_vector.h:788:7:[m[K [01;36m[Knote: [m[Kcandidate: ‘[01m[Kstd::vector<_Tp, _Alloc>& std::vector<_Tp, _Alloc>::[01;32m[Koperator=[m[K(std::initializer_list<_Tp>) [35m[K[with _Tp = geometry_msgs::msg::Pose2D_<std::allocator<void> >; _Alloc = std::allocator<geometry_msgs::msg::Pose2D_<std::allocator<void> > >][m[K[m[K’
  788 |       [01;36m[Koperator[m[K=(initializer_list<value_type> __l)
      |       [01;36m[K^~~~~~~~[m[K
[01m[K/usr/include/c++/13/bits/stl_vector.h:788:46:[m[K [01;36m[Knote: [m[K  no known conversion for argument 1 from ‘[01m[K<brace-enclosed initializer list>[m[K’ to ‘[01m[Kstd::initializer_list<geometry_msgs::msg::Pose2D_<std::allocator<void> > >[m[K’
  788 |       operator=([01;36m[Kinitializer_list<value_type> __l[m[K)
      |                 [01;36m[K~~~~~~~~~~~~~~~~~~~~~~~~~~~~~^~~[m[K
gmake[2]: *** [CMakeFiles/square_publisher.dir/build.make:76: CMakeFiles/square_publisher.dir/src/square_publisher.cpp.o] Error 1
gmake[1]: *** [CMakeFiles/Makefile2:167: CMakeFiles/square_publisher.dir/all] Error 2
gmake[1]: *** Waiting for unfinished jobs....
[ 66%] [32m[1mLinking CXX executable odom[0m
[ 66%] Built target odom
[ 83%] [32m[1mLinking CXX executable motion_controller_diff[0m
[ 83%] Built target motion_controller_diff
gmake: *** [Makefile:146: all] Error 2
